This file contains any messages produced by compilers while
running configure, to aid debugging if configure makes a mistake.

It was created by auctex configure 11.87, which was
generated by GNU Autoconf 2.68.  Invocation command line was

  $ ./configure --without-texmf-dir --with-lispdir=/home/jdp/.emacs.d/el-get/auctex --with-emacs=/usr/bin/emacs

## --------- ##
## Platform. ##
## --------- ##

hostname = jhsygg
uname -m = x86_64
uname -r = 3.9.10-100.fc17.x86_64
uname -s = Linux
uname -v = #1 SMP Sun Jul 14 01:31:27 UTC 2013

/usr/bin/uname -p = x86_64
/bin/uname -X     = unknown

/bin/arch              = x86_64
/usr/bin/arch -k       = unknown
/usr/convex/getsysinfo = unknown
/usr/bin/hostinfo      = unknown
/bin/machine           = unknown
/usr/bin/oslevel       = unknown
/bin/universe          = unknown

PATH: /opt/bin
PATH: /usr/local/bin
PATH: /usr/bin
PATH: /bin
PATH: /usr/local/sbin
PATH: /usr/sbin
PATH: /home/jdp/.local/bin
PATH: /home/jdp/bin


## ----------- ##
## Core tests. ##
## ----------- ##

configure:1741: checking for make
configure:1757: found /usr/bin/make
configure:1768: result: make
configure:1784: checking whether make sets $(MAKE)
configure:1806: result: yes
configure:1858: checking for a BSD-compatible install
configure:1926: result: /usr/bin/install -c
configure:1939: checking for date in ChangeLog
configure:1946: result: 2013-06-06
configure:1948: checking for release in ChangeLog
configure:1954: result: not found, using 2013-06-06 instead
configure:2008: checking for /usr/bin/emacs
configure:2038: result: /usr/bin/emacs
configure:2054: checking if /usr/bin/emacs is XEmacs
/usr/bin/emacs -batch -no-site-file -eval (let* ((x (if (featurep (quote xemacs)) "yes" "no"))) (write-region (if (stringp x) x (prin1-to-string x)) nil "./conftest-7322"))
Wrote /home/jdp/.emacs.d/el-get/auctex/conftest-7322
=> no
configure:2074: result: no
configure:2078: checking for Emacs prefix
/usr/bin/emacs -batch -no-site-file -eval (let* ((cmd(pop command-line-args-left))(x (condition-case nil (let*
    ((prefix (directory-file-name (file-name-directory (executable-find cmd))))
     (parent (directory-file-name (file-name-directory prefix))))
    (if (string= (file-name-nondirectory prefix) "bin")
        (setq prefix parent)
      (if (string= (file-name-nondirectory parent) "bin")
         (setq prefix (directory-file-name (file-name-directory parent)))))
    prefix) (error NONE)))) (write-region (if (stringp x) x (prin1-to-string x)) nil "./conftest-7322")) /usr/bin/emacs
Wrote /home/jdp/.emacs.d/el-get/auctex/conftest-7322
=> /usr
configure:2097: result: "/usr"
configure:2127: checking if Emacs is recent enough
/usr/bin/emacs -batch -no-site-file -eval (let* ((x (cond ((< emacs-major-version 21) "no")
			 ((> emacs-major-version 21) "yes")
			 ((< emacs-minor-version 01) "no")
			 (t "yes")))) (write-region (if (stringp x) x (prin1-to-string x)) nil "./conftest-7322"))
Wrote /home/jdp/.emacs.d/el-get/auctex/conftest-7322
=> yes
configure:2141: result: yes
configure:2151: checking for MULE support
/usr/bin/emacs -batch -eval (let* ((x (condition-case nil (require 'mule ) 	(error (prog1 nil (message "mule not found")))))) (write-region (if (stringp x) x (prin1-to-string x)) nil "./conftest-7322"))
Loading /usr/share/emacs/site-lisp/site-start.d/desktop-entry-mode-init.el (source)...
Loading /usr/share/emacs/site-lisp/site-start.d/ebib-init.el (source)...
Loading /usr/share/emacs/site-lisp/site-start.d/ecb.el (source)...
ECB 2.40 uses CEDET 1.0 (contains semantic 2.0, eieio 1.3, speedbar <unknown version>).
Warning: `interactive-p' is an obsolete function (as of 23.2); use
    `called-interactively-p' instead.
Warning: `interactive-p' is an obsolete function (as of 23.2); use
    `called-interactively-p' instead.
Warning: `interactive-p' is an obsolete function (as of 23.2); use
    `called-interactively-p' instead.
Loading /usr/share/emacs/site-lisp/site-start.d/emacs-color-theme-init.el (source)...
Loading /usr/share/emacs/site-lisp/site-start.d/ess-init.el (source)...
Loading /usr/share/emacs/site-lisp/site-start.d/focus-init.el (source)...
Loading /usr/share/emacs/site-lisp/site-start.d/git-init.el (source)...
Loading /usr/share/emacs/site-lisp/site-start.d/mew-init.el (source)...
Loading /usr/share/emacs/site-lisp/site-start.d/php-mode-init.el (source)...
Loading /usr/share/emacs/site-lisp/site-start.d/rpm-spec-mode-init.el (source)...
Loading /usr/share/emacs/site-lisp/site-start.d/w3m-init.el (source)...
Wrote /home/jdp/.emacs.d/el-get/auctex/conftest-7322
=> mule
configure:2185: result: yes
configure:2230: checking if build directory is valid
/usr/bin/emacs -batch -eval (let* ((x (if (or (member (directory-file-name default-directory) load-path)	      (member (file-name-as-directory default-directory) load-path))	 "no" "yes"))) (write-region (if (stringp x) x (prin1-to-string x)) nil "./conftest-7322"))
Loading /usr/share/emacs/site-lisp/site-start.d/desktop-entry-mode-init.el (source)...
Loading /usr/share/emacs/site-lisp/site-start.d/ebib-init.el (source)...
Loading /usr/share/emacs/site-lisp/site-start.d/ecb.el (source)...
ECB 2.40 uses CEDET 1.0 (contains semantic 2.0, eieio 1.3, speedbar <unknown version>).
Warning: `interactive-p' is an obsolete function (as of 23.2); use
    `called-interactively-p' instead.
Warning: `interactive-p' is an obsolete function (as of 23.2); use
    `called-interactively-p' instead.
Warning: `interactive-p' is an obsolete function (as of 23.2); use
    `called-interactively-p' instead.
Loading /usr/share/emacs/site-lisp/site-start.d/emacs-color-theme-init.el (source)...
Loading /usr/share/emacs/site-lisp/site-start.d/ess-init.el (source)...
Loading /usr/share/emacs/site-lisp/site-start.d/focus-init.el (source)...
Loading /usr/share/emacs/site-lisp/site-start.d/git-init.el (source)...
Loading /usr/share/emacs/site-lisp/site-start.d/mew-init.el (source)...
Loading /usr/share/emacs/site-lisp/site-start.d/php-mode-init.el (source)...
Loading /usr/share/emacs/site-lisp/site-start.d/rpm-spec-mode-init.el (source)...
Loading /usr/share/emacs/site-lisp/site-start.d/w3m-init.el (source)...
Wrote /home/jdp/.emacs.d/el-get/auctex/conftest-7322
=> yes
configure:2246: result: yes
configure:2334: checking where lisp files go
configure:2406: result: /home/jdp/.emacs.d/el-get/auctex
configure:2410: checking what file to use for auctex startup
configure:2437: result: /home/jdp/.emacs.d/el-get/auctex/auctex.el
configure:2455: checking where the package lisp files go
/usr/bin/emacs -batch -no-site-file -eval (let* ((path(pop command-line-args-left)) (lispdir(pop command-line-args-left)) (startup(pop command-line-args-left)) (target(pop command-line-args-left))(x (progn (setq path (directory-file-name path))
  (if (or target
          (not (string= (car load-path) (directory-file-name (car load-path)))))
    (setq path (file-name-as-directory path)))
  (setq path (expand-file-name path lispdir))
  (setq startupdir (file-name-directory (expand-file-name startup lispdir)))
  (prin1-to-string
    (if (or (string-match "\\`\\.\\."
              (setq relname (file-relative-name startupdir lispdir)))
            (file-name-absolute-p relname)
	    (string-match "\\`\\.\\."
              (setq relname (file-relative-name path lispdir)))
 	    (file-name-absolute-p relname))
	  (concat path target)
	(cond (target
	       `(expand-file-name
                   ,(file-relative-name (concat path target) startupdir)
	           (file-name-directory load-file-name)))
              ((string= path startupdir)
	         '(file-name-directory load-file-name))
	      ((string= path (directory-file-name startupdir))
                 '(directory-file-name (file-name-directory load-file-name)))
              (t
	       `(expand-file-name
                   ,(file-relative-name path startupdir)
	           (file-name-directory load-file-name))))))))) (write-region (if (stringp x) x (prin1-to-string x)) nil "./conftest-7322")) /home/jdp/.emacs.d/el-get/auctex/auctex /home/jdp/.emacs.d/el-get/auctex /home/jdp/.emacs.d/el-get/auctex/tex-site.el
Wrote /home/jdp/.emacs.d/el-get/auctex/conftest-7322
=> (expand-file-name "auctex" (file-name-directory load-file-name))
configure:2536: result: /home/jdp/.emacs.d/el-get/auctex/auctex
configure:2539: checking where the data files go
/usr/bin/emacs -batch -no-site-file -eval (let* ((path(pop command-line-args-left)) (lispdir(pop command-line-args-left)) (startup(pop command-line-args-left)) (target(pop command-line-args-left))(x (progn (setq path (directory-file-name path))
  (if (or target
          (not (string= (car load-path) (directory-file-name (car load-path)))))
    (setq path (file-name-as-directory path)))
  (setq path (expand-file-name path lispdir))
  (setq startupdir (file-name-directory (expand-file-name startup lispdir)))
  (prin1-to-string
    (if (or (string-match "\\`\\.\\."
              (setq relname (file-relative-name startupdir lispdir)))
            (file-name-absolute-p relname)
	    (string-match "\\`\\.\\."
              (setq relname (file-relative-name path lispdir)))
 	    (file-name-absolute-p relname))
	  (concat path target)
	(cond (target
	       `(expand-file-name
                   ,(file-relative-name (concat path target) startupdir)
	           (file-name-directory load-file-name)))
              ((string= path startupdir)
	         '(file-name-directory load-file-name))
	      ((string= path (directory-file-name startupdir))
                 '(directory-file-name (file-name-directory load-file-name)))
              (t
	       `(expand-file-name
                   ,(file-relative-name path startupdir)
	           (file-name-directory load-file-name))))))))) (write-region (if (stringp x) x (prin1-to-string x)) nil "./conftest-7322")) /home/jdp/.emacs.d/el-get/auctex/auctex /home/jdp/.emacs.d/el-get/auctex /home/jdp/.emacs.d/el-get/auctex/tex-site.el
Wrote /home/jdp/.emacs.d/el-get/auctex/conftest-7322
=> (expand-file-name "auctex" (file-name-directory load-file-name))
configure:2620: result: /home/jdp/.emacs.d/el-get/auctex/auctex
/usr/bin/emacs -batch -no-site-file -eval (let* ((path(pop command-line-args-left)) (lispdir(pop command-line-args-left)) (startup(pop command-line-args-left)) (target(pop command-line-args-left))(x (progn (setq path (directory-file-name path))
  (if (or target
          (not (string= (car load-path) (directory-file-name (car load-path)))))
    (setq path (file-name-as-directory path)))
  (setq path (expand-file-name path lispdir))
  (setq startupdir (file-name-directory (expand-file-name startup lispdir)))
  (prin1-to-string
    (if (or (string-match "\\`\\.\\."
              (setq relname (file-relative-name startupdir lispdir)))
            (file-name-absolute-p relname)
	    (string-match "\\`\\.\\."
              (setq relname (file-relative-name path lispdir)))
 	    (file-name-absolute-p relname))
	  (concat path target)
	(cond (target
	       `(expand-file-name
                   ,(file-relative-name (concat path target) startupdir)
	           (file-name-directory load-file-name)))
              ((string= path startupdir)
	         '(file-name-directory load-file-name))
	      ((string= path (directory-file-name startupdir))
                 '(directory-file-name (file-name-directory load-file-name)))
              (t
	       `(expand-file-name
                   ,(file-relative-name path startupdir)
	           (file-name-directory load-file-name))))))))) (write-region (if (stringp x) x (prin1-to-string x)) nil "./conftest-7322"))  /home/jdp/.emacs.d/el-get/auctex /home/jdp/.emacs.d/el-get/auctex/auctex.el tex-site.el
Wrote /home/jdp/.emacs.d/el-get/auctex/conftest-7322
=> (expand-file-name "tex-site.el" (file-name-directory load-file-name))
configure:2697: checking where the info files go
configure:2699: result: ${datarootdir}/info
configure:2710: checking where automatically generated global style hooks go
configure:2720: result: ${localstatedir}/auctex
/usr/bin/emacs -batch -no-site-file -eval (let* ((path(pop command-line-args-left)) (lispdir(pop command-line-args-left)) (startup(pop command-line-args-left)) (target(pop command-line-args-left))(x (progn (setq path (directory-file-name path))
  (if (or target
          (not (string= (car load-path) (directory-file-name (car load-path)))))
    (setq path (file-name-as-directory path)))
  (setq path (expand-file-name path lispdir))
  (setq startupdir (file-name-directory (expand-file-name startup lispdir)))
  (prin1-to-string
    (if (or (string-match "\\`\\.\\."
              (setq relname (file-relative-name startupdir lispdir)))
            (file-name-absolute-p relname)
	    (string-match "\\`\\.\\."
              (setq relname (file-relative-name path lispdir)))
 	    (file-name-absolute-p relname))
	  (concat path target)
	(cond (target
	       `(expand-file-name
                   ,(file-relative-name (concat path target) startupdir)
	           (file-name-directory load-file-name)))
              ((string= path startupdir)
	         '(file-name-directory load-file-name))
	      ((string= path (directory-file-name startupdir))
                 '(directory-file-name (file-name-directory load-file-name)))
              (t
	       `(expand-file-name
                   ,(file-relative-name path startupdir)
	           (file-name-directory load-file-name))))))))) (write-region (if (stringp x) x (prin1-to-string x)) nil "./conftest-7322")) /usr/local/var/auctex /home/jdp/.emacs.d/el-get/auctex /home/jdp/.emacs.d/el-get/auctex/tex-site.el
Wrote /home/jdp/.emacs.d/el-get/auctex/conftest-7322
=> "/usr/local/var/auctex"
configure:2800: checking for tex
configure:2818: found /usr/bin/tex
configure:2831: result: /usr/bin/tex
configure:2841: checking for pdftex
configure:2859: found /usr/bin/pdftex
configure:2872: result: /usr/bin/pdftex
configure:2882: checking for dvips
configure:2900: found /usr/bin/dvips
configure:2913: result: /usr/bin/dvips
configure:2928: checking for perl
configure:2946: found /usr/bin/perl
configure:2959: result: /usr/bin/perl
configure:2973: checking for makeinfo
configure:2991: found /usr/bin/makeinfo
configure:3004: result: /usr/bin/makeinfo
configure:3014: checking for texi2html
configure:3045: result: :
configure:3055: checking for texi2dvi
configure:3086: result: :
configure:3096: checking for texi2pdf
configure:3127: result: :
configure:3142: checking for install-info
configure:3160: found /usr/sbin/install-info
configure:3173: result: /usr/sbin/install-info
configure:3448: creating ./config.status

## ---------------------- ##
## Running config.status. ##
## ---------------------- ##

This file was extended by auctex config.status 11.87, which was
generated by GNU Autoconf 2.68.  Invocation command line was

  CONFIG_FILES    = 
  CONFIG_HEADERS  = 
  CONFIG_LINKS    = 
  CONFIG_COMMANDS = 
  $ ./config.status 

on jhsygg

config.status:763: creating Makefile
config.status:763: creating tex-site.el.out
config.status:763: creating doc/Makefile
config.status:763: creating auctex.el
configure:4540: === configuring in preview (/home/jdp/.emacs.d/el-get/auctex/preview)
configure:4603: running /bin/sh ./configure --disable-option-checking '--prefix=/usr/local'  '--without-texmf-dir' '--with-lispdir=/home/jdp/.emacs.d/el-get/auctex' '--with-emacs=/usr/bin/emacs' --cache-file=/dev/null --srcdir=.

## ---------------- ##
## Cache variables. ##
## ---------------- ##

ac_cv_env_INSTALL_INFO_set=
ac_cv_env_INSTALL_INFO_value=
ac_cv_env_MAKEINFO_set=
ac_cv_env_MAKEINFO_value=
ac_cv_env_PERL_set=
ac_cv_env_PERL_value=
ac_cv_env_build_alias_set=
ac_cv_env_build_alias_value=
ac_cv_env_host_alias_set=
ac_cv_env_host_alias_value=
ac_cv_env_target_alias_set=
ac_cv_env_target_alias_value=
ac_cv_path_DVIPS=/usr/bin/dvips
ac_cv_path_EMACS=/usr/bin/emacs
ac_cv_path_INSTALL_INFO=/usr/sbin/install-info
ac_cv_path_MAKEINFO=/usr/bin/makeinfo
ac_cv_path_PDFTEX=/usr/bin/pdftex
ac_cv_path_PERL=/usr/bin/perl
ac_cv_path_TEX=/usr/bin/tex
ac_cv_path_TEXI2DVI=:
ac_cv_path_TEXI2HTML=:
ac_cv_path_TEXI2PDF=:
ac_cv_path_install='/usr/bin/install -c'
ac_cv_prog_MAKECMD=make
ac_cv_prog_make_make_set=yes

## ----------------- ##
## Output variables. ##
## ----------------- ##

AUCTEXDATE='2013-06-06'
AUCTEXVERSION='2013-06-06'
DEFS='-DPACKAGE_NAME=\"auctex\" -DPACKAGE_TARNAME=\"auctex\" -DPACKAGE_VERSION=\"11.87\" -DPACKAGE_STRING=\"auctex\ 11.87\" -DPACKAGE_BUGREPORT=\"bug-auctex@gnu.org\" -DPACKAGE_URL=\"\"'
DVIPS='/usr/bin/dvips'
ECHO_C=''
ECHO_N='-n'
ECHO_T=''
EMACS='/usr/bin/emacs'
EMACS_FLAVOR='emacs'
HAVE_mule='yes'
INSTALL_DATA='${INSTALL} -m 644'
INSTALL_INFO='/usr/sbin/install-info'
INSTALL_PROGRAM='${INSTALL}'
INSTALL_SCRIPT='${INSTALL}'
LIBOBJS=''
LIBS=''
LTLIBOBJS=''
MAKECMD='make'
MAKEINFO='/usr/bin/makeinfo'
MULEELC='tex-jp.elc'
MULESRC='tex-jp.el'
PACKAGE_BUGREPORT='bug-auctex@gnu.org'
PACKAGE_NAME='auctex'
PACKAGE_STRING='auctex 11.87'
PACKAGE_TARNAME='auctex'
PACKAGE_URL=''
PACKAGE_VERSION='11.87'
PATH_SEPARATOR=':'
PDFTEX='/usr/bin/pdftex'
PERL='/usr/bin/perl'
SET_MAKE=''
SHELL='/bin/sh'
TEX='/usr/bin/tex'
TEXI2DVI=':'
TEXI2HTML=':'
TEXI2PDF=':'
XEMACS='no'
auctexstartfile='/home/jdp/.emacs.d/el-get/auctex/auctex.el'
autodir='${localstatedir}/auctex'
bindir='${exec_prefix}/bin'
build_alias=''
datadir='${datarootdir}'
datarootdir='${prefix}/share'
docdir='${datarootdir}/doc/${PACKAGE_TARNAME}'
dvidir='${docdir}'
exec_prefix='${prefix}'
host_alias=''
htmldir='${docdir}'
includedir='${prefix}/include'
infodir='${datarootdir}/info'
libdir='${exec_prefix}/lib'
libexecdir='${exec_prefix}/libexec'
lispautodir='"/usr/local/var/auctex"'
lispdir='/home/jdp/.emacs.d/el-get/auctex'
lisppackagedatadir='(expand-file-name "auctex" (file-name-directory load-file-name))'
lisppackagelispdir='(expand-file-name "auctex" (file-name-directory load-file-name))'
lisptexsite='(expand-file-name "tex-site.el" (file-name-directory load-file-name))'
localedir='${datarootdir}/locale'
localstatedir='${prefix}/var'
mandir='${datarootdir}/man'
oldincludedir='/usr/include'
packagedatadir='/home/jdp/.emacs.d/el-get/auctex/auctex'
packagedir='no'
packagelispdir='/home/jdp/.emacs.d/el-get/auctex/auctex'
pdfdir='${docdir}'
prefix='/usr/local'
preview_enabled='yes'
program_transform_name='s,x,x,'
psdir='${docdir}'
sbindir='${exec_prefix}/sbin'
sharedstatedir='${prefix}/com'
subdirs=' preview'
sysconfdir='${prefix}/etc'
target_alias=''
texsite=''

## ----------- ##
## confdefs.h. ##
## ----------- ##

/* confdefs.h */
#define PACKAGE_NAME "auctex"
#define PACKAGE_TARNAME "auctex"
#define PACKAGE_VERSION "11.87"
#define PACKAGE_STRING "auctex 11.87"
#define PACKAGE_BUGREPORT "bug-auctex@gnu.org"
#define PACKAGE_URL ""

configure: exit 0
