This file contains any messages produced by compilers while
running configure, to aid debugging if configure makes a mistake.

It was created by preview-latex configure 11.84, which was
generated by GNU Autoconf 2.68.  Invocation command line was

  $ ./configure --disable-option-checking --prefix=/usr/local --without-texmf-dir --with-lispdir=/home/jdp/.emacs.d/el-get/auctex --with-emacs=/usr/bin/emacs --cache-file=/dev/null --srcdir=.

## --------- ##
## Platform. ##
## --------- ##

hostname = jhsygg
uname -m = x86_64
uname -r = 3.9.10-100.fc17.x86_64
uname -s = Linux
uname -v = #1 SMP Sun Jul 14 01:31:27 UTC 2013

/usr/bin/uname -p = x86_64
/bin/uname -X     = unknown

/bin/arch              = x86_64
/usr/bin/arch -k       = unknown
/usr/convex/getsysinfo = unknown
/usr/bin/hostinfo      = unknown
/bin/machine           = unknown
/usr/bin/oslevel       = unknown
/bin/universe          = unknown

PATH: /opt//bin
PATH: /opt/bin
PATH: /usr/lib64/qt-3.3/bin
PATH: /usr/local/bin
PATH: /usr/bin
PATH: /bin
PATH: /usr/local/sbin
PATH: /usr/sbin
PATH: /bin
PATH: /home/jdp/.local/bin
PATH: /home/jdp/bin


## ----------- ##
## Core tests. ##
## ----------- ##

configure:1726: checking whether make sets $(MAKE)
configure:1748: result: yes
configure:1800: checking for a BSD-compatible install
configure:1868: result: /usr/bin/install -c
configure:1931: checking for /usr/bin/emacs
configure:1961: result: /usr/bin/emacs
configure:1977: checking if /usr/bin/emacs is XEmacs
/usr/bin/emacs -batch -no-site-file -eval (let* ((x (if (featurep (quote xemacs)) "yes" "no"))) (write-region (if (stringp x) x (prin1-to-string x)) nil "./conftest-8835"))
Wrote /home/jdp/.emacs.d/el-get/auctex/preview/conftest-8835
=> no
configure:1997: result: no
configure:2001: checking for Emacs prefix
/usr/bin/emacs -batch -no-site-file -eval (let* ((cmd(pop command-line-args-left))(x (condition-case nil (let*
    ((prefix (directory-file-name (file-name-directory (executable-find cmd))))
     (parent (directory-file-name (file-name-directory prefix))))
    (if (string= (file-name-nondirectory prefix) "bin")
        (setq prefix parent)
      (if (string= (file-name-nondirectory parent) "bin")
         (setq prefix (directory-file-name (file-name-directory parent)))))
    prefix) (error NONE)))) (write-region (if (stringp x) x (prin1-to-string x)) nil "./conftest-8835")) /usr/bin/emacs
Wrote /home/jdp/.emacs.d/el-get/auctex/preview/conftest-8835
=> /usr
configure:2020: result: "/usr"
configure:2050: checking if Emacs is recent enough
/usr/bin/emacs -batch -no-site-file -eval (let* ((x (cond ((< emacs-major-version 21) "no")
			 ((> emacs-major-version 21) "yes")
			 ((< emacs-minor-version 01) "no")
			 (t "yes")))) (write-region (if (stringp x) x (prin1-to-string x)) nil "./conftest-8835"))
Wrote /home/jdp/.emacs.d/el-get/auctex/preview/conftest-8835
=> yes
configure:2064: result: yes
configure:2102: checking if build directory is valid
/usr/bin/emacs -batch -eval (let* ((x (if (or (member (directory-file-name default-directory) load-path)	      (member (file-name-as-directory default-directory) load-path))	 "no" "yes"))) (write-region (if (stringp x) x (prin1-to-string x)) nil "./conftest-8835"))
Loading /usr/share/emacs/site-lisp/site-start.d/desktop-entry-mode-init.el (source)...
Loading /usr/share/emacs/site-lisp/site-start.d/ebib-init.el (source)...
Loading /usr/share/emacs/site-lisp/site-start.d/ecb.el (source)...
ECB 2.40 uses CEDET 1.0 (contains semantic 2.0, eieio 1.3, speedbar <unknown version>).
Warning: `interactive-p' is an obsolete function (as of 23.2); use
    `called-interactively-p' instead.
Warning: `interactive-p' is an obsolete function (as of 23.2); use
    `called-interactively-p' instead.
Warning: `interactive-p' is an obsolete function (as of 23.2); use
    `called-interactively-p' instead.
Loading /usr/share/emacs/site-lisp/site-start.d/emacs-color-theme-init.el (source)...
Loading /usr/share/emacs/site-lisp/site-start.d/ess-init.el (source)...
Loading /usr/share/emacs/site-lisp/site-start.d/focus-init.el (source)...
Loading /usr/share/emacs/site-lisp/site-start.d/git-init.el (source)...
Loading /usr/share/emacs/site-lisp/site-start.d/mew-init.el (source)...
Loading /usr/share/emacs/site-lisp/site-start.d/php-mode-init.el (source)...
Loading /usr/share/emacs/site-lisp/site-start.d/rpm-spec-mode-init.el (source)...
Loading /usr/share/emacs/site-lisp/site-start.d/w3m-init.el (source)...
Wrote /home/jdp/.emacs.d/el-get/auctex/preview/conftest-8835
=> yes
configure:2118: result: yes
configure:2208: checking where lisp files go
configure:2280: result: /home/jdp/.emacs.d/el-get/auctex
configure:2284: checking what file to use for preview startup
configure:2311: result: /home/jdp/.emacs.d/el-get/auctex/preview-latex.el
configure:2325: checking where the package lisp files go
/usr/bin/emacs -batch -no-site-file -eval (let* ((path(pop command-line-args-left)) (lispdir(pop command-line-args-left)) (startup(pop command-line-args-left)) (target(pop command-line-args-left))(x (progn (setq path (directory-file-name path))
  (if (or target
          (not (string= (car load-path) (directory-file-name (car load-path)))))
    (setq path (file-name-as-directory path)))
  (setq path (expand-file-name path lispdir))
  (setq startupdir (file-name-directory (expand-file-name startup lispdir)))
  (prin1-to-string
    (if (or (string-match "\\`\\.\\."
              (setq relname (file-relative-name startupdir lispdir)))
            (file-name-absolute-p relname)
	    (string-match "\\`\\.\\."
              (setq relname (file-relative-name path lispdir)))
 	    (file-name-absolute-p relname))
	  (concat path target)
	(cond (target
	       `(expand-file-name
                   ,(file-relative-name (concat path target) startupdir)
	           (file-name-directory load-file-name)))
              ((string= path startupdir)
	         '(file-name-directory load-file-name))
	      ((string= path (directory-file-name startupdir))
                 '(directory-file-name (file-name-directory load-file-name)))
              (t
	       `(expand-file-name
                   ,(file-relative-name path startupdir)
	           (file-name-directory load-file-name))))))))) (write-region (if (stringp x) x (prin1-to-string x)) nil "./conftest-8835")) /home/jdp/.emacs.d/el-get/auctex/auctex /home/jdp/.emacs.d/el-get/auctex /home/jdp/.emacs.d/el-get/auctex/preview-latex.el
Wrote /home/jdp/.emacs.d/el-get/auctex/preview/conftest-8835
=> (expand-file-name "auctex" (file-name-directory load-file-name))
configure:2406: result: /home/jdp/.emacs.d/el-get/auctex/auctex
configure:2409: checking where the data files go
/usr/bin/emacs -batch -no-site-file -eval (let* ((path(pop command-line-args-left)) (lispdir(pop command-line-args-left)) (startup(pop command-line-args-left)) (target(pop command-line-args-left))(x (progn (setq path (directory-file-name path))
  (if (or target
          (not (string= (car load-path) (directory-file-name (car load-path)))))
    (setq path (file-name-as-directory path)))
  (setq path (expand-file-name path lispdir))
  (setq startupdir (file-name-directory (expand-file-name startup lispdir)))
  (prin1-to-string
    (if (or (string-match "\\`\\.\\."
              (setq relname (file-relative-name startupdir lispdir)))
            (file-name-absolute-p relname)
	    (string-match "\\`\\.\\."
              (setq relname (file-relative-name path lispdir)))
 	    (file-name-absolute-p relname))
	  (concat path target)
	(cond (target
	       `(expand-file-name
                   ,(file-relative-name (concat path target) startupdir)
	           (file-name-directory load-file-name)))
              ((string= path startupdir)
	         '(file-name-directory load-file-name))
	      ((string= path (directory-file-name startupdir))
                 '(directory-file-name (file-name-directory load-file-name)))
              (t
	       `(expand-file-name
                   ,(file-relative-name path startupdir)
	           (file-name-directory load-file-name))))))))) (write-region (if (stringp x) x (prin1-to-string x)) nil "./conftest-8835")) /home/jdp/.emacs.d/el-get/auctex/auctex /home/jdp/.emacs.d/el-get/auctex /home/jdp/.emacs.d/el-get/auctex/preview-latex.el
Wrote /home/jdp/.emacs.d/el-get/auctex/preview/conftest-8835
=> (expand-file-name "auctex" (file-name-directory load-file-name))
configure:2490: result: /home/jdp/.emacs.d/el-get/auctex/auctex
configure:2497: checking for the location of AUCTeX's tex-site.el
configure:2546: result: ..
configure:2557: checking for gs
configure:2573: found /usr/bin/gs
configure:2584: result: gs
/usr/bin/emacs -batch -no-site-file -eval (let* ((dir(pop command-line-args-left))(x (if (member dir (list "NONE" (if (eq system-type 'windows-nt) "GSWIN32C.EXE" "gs"))) "" `(defvar preview-gs-command ,dir)))) (write-region (if (stringp x) x (prin1-to-string x)) nil "./conftest-8835")) gs
Wrote /home/jdp/.emacs.d/el-get/auctex/preview/conftest-8835
=> 
configure:2612: checking for latex
configure:2630: found /usr/bin/latex
configure:2643: result: /usr/bin/latex
configure:2659: checking for pdflatex
configure:2677: found /usr/bin/pdflatex
configure:2689: result: /usr/bin/pdflatex
configure:2708: checking for tex
configure:2739: result: /usr/bin/tex
/usr/bin/emacs -batch -no-site-file -eval (let* ((path(pop command-line-args-left)) (lispdir(pop command-line-args-left)) (startup(pop command-line-args-left)) (target(pop command-line-args-left))(x (progn (setq path (directory-file-name path))
  (if (or target
          (not (string= (car load-path) (directory-file-name (car load-path)))))
    (setq path (file-name-as-directory path)))
  (setq path (expand-file-name path lispdir))
  (setq startupdir (file-name-directory (expand-file-name startup lispdir)))
  (prin1-to-string
    (if (or (string-match "\\`\\.\\."
              (setq relname (file-relative-name startupdir lispdir)))
            (file-name-absolute-p relname)
	    (string-match "\\`\\.\\."
              (setq relname (file-relative-name path lispdir)))
 	    (file-name-absolute-p relname))
	  (concat path target)
	(cond (target
	       `(expand-file-name
                   ,(file-relative-name (concat path target) startupdir)
	           (file-name-directory load-file-name)))
              ((string= path startupdir)
	         '(file-name-directory load-file-name))
	      ((string= path (directory-file-name startupdir))
                 '(directory-file-name (file-name-directory load-file-name)))
              (t
	       `(expand-file-name
                   ,(file-relative-name path startupdir)
	           (file-name-directory load-file-name))))))))) (write-region (if (stringp x) x (prin1-to-string x)) nil "./conftest-8835")) /home/jdp/.emacs.d/el-get/auctex/auctex/latex /home/jdp/.emacs.d/el-get/auctex /home/jdp/.emacs.d/el-get/auctex/preview-latex.el
Wrote /home/jdp/.emacs.d/el-get/auctex/preview/conftest-8835
=> (expand-file-name "auctex/latex" (file-name-directory load-file-name))
configure:3303: checking for glaring installation conflicts
/usr/bin/emacs -batch -eval (let* ((packagelispdir(pop command-line-args-left)) (previewstartfile(pop command-line-args-left))(x 
  (concat
    (and (setq tmp (locate-library "preview.elc"))
         (not (string= (file-truename tmp)
	               (file-truename (expand-file-name "preview.elc"
                                      packagelispdir))))
         (format "Conflicting previous installation in `%s' found!\n"
                 (file-name-directory tmp)))
    (and (setq tmp (locate-library "preview-latex.el"))
         (not (string= (file-truename tmp)
                       (file-truename previewstartfile)))
         (format "Conflicting previous startup file `%s' found!\n" tmp))))) (write-region (if (stringp x) x (prin1-to-string x)) nil "./conftest-8835")) /home/jdp/.emacs.d/el-get/auctex/auctex /home/jdp/.emacs.d/el-get/auctex/preview-latex.el
Loading /usr/share/emacs/site-lisp/site-start.d/desktop-entry-mode-init.el (source)...
Loading /usr/share/emacs/site-lisp/site-start.d/ebib-init.el (source)...
Loading /usr/share/emacs/site-lisp/site-start.d/ecb.el (source)...
ECB 2.40 uses CEDET 1.0 (contains semantic 2.0, eieio 1.3, speedbar <unknown version>).
Warning: `interactive-p' is an obsolete function (as of 23.2); use
    `called-interactively-p' instead.
Warning: `interactive-p' is an obsolete function (as of 23.2); use
    `called-interactively-p' instead.
Warning: `interactive-p' is an obsolete function (as of 23.2); use
    `called-interactively-p' instead.
Loading /usr/share/emacs/site-lisp/site-start.d/emacs-color-theme-init.el (source)...
Loading /usr/share/emacs/site-lisp/site-start.d/ess-init.el (source)...
Loading /usr/share/emacs/site-lisp/site-start.d/focus-init.el (source)...
Loading /usr/share/emacs/site-lisp/site-start.d/git-init.el (source)...
Loading /usr/share/emacs/site-lisp/site-start.d/mew-init.el (source)...
Loading /usr/share/emacs/site-lisp/site-start.d/php-mode-init.el (source)...
Loading /usr/share/emacs/site-lisp/site-start.d/rpm-spec-mode-init.el (source)...
Loading /usr/share/emacs/site-lisp/site-start.d/w3m-init.el (source)...
Wrote /home/jdp/.emacs.d/el-get/auctex/preview/conftest-8835
=> Conflicting previous installation in `/home/jdp/.emacs.d/el-get/auctex/preview/' found!
Conflicting previous startup file `/home/jdp/.emacs.d/el-get/auctex/preview/preview-latex.el' found!
configure:3356: result: ouch!

configure:3360: WARNING: Conflicting previous installation in `/home/jdp/.emacs.d/el-get/auctex/preview/' found!
Conflicting previous startup file `/home/jdp/.emacs.d/el-get/auctex/preview/preview-latex.el' found!

configure:3599: creating ./config.status

## ---------------------- ##
## Running config.status. ##
## ---------------------- ##

This file was extended by preview-latex config.status 11.84, which was
generated by GNU Autoconf 2.68.  Invocation command line was

  CONFIG_FILES    = 
  CONFIG_HEADERS  = 
  CONFIG_LINKS    = 
  CONFIG_COMMANDS = 
  $ ./config.status 

on jhsygg

config.status:755: creating Makefile
config.status:755: creating auto.el
config.status:755: creating latex/Makefile

## ---------------- ##
## Cache variables. ##
## ---------------- ##

ac_cv_env_GS_set=
ac_cv_env_GS_value=
ac_cv_env_TEXHASH_set=
ac_cv_env_TEXHASH_value=
ac_cv_env_build_alias_set=
ac_cv_env_build_alias_value=
ac_cv_env_host_alias_set=
ac_cv_env_host_alias_value=
ac_cv_env_target_alias_set=
ac_cv_env_target_alias_value=
ac_cv_path_EMACS=/usr/bin/emacs
ac_cv_path_LATEX=/usr/bin/latex
ac_cv_path_PDFLATEX=/usr/bin/pdflatex
ac_cv_path_TEX=/usr/bin/tex
ac_cv_path_install='/usr/bin/install -c'
ac_cv_prog_GS=gs
ac_cv_prog_make_make_set=yes

## ----------------- ##
## Output variables. ##
## ----------------- ##

DEFS='-DPACKAGE_NAME=\"preview-latex\" -DPACKAGE_TARNAME=\"preview-latex\" -DPACKAGE_VERSION=\"11.84\" -DPACKAGE_STRING=\"preview-latex\ 11.84\" -DPACKAGE_BUGREPORT=\"bug-auctex@gnu.org\" -DPACKAGE_URL=\"\"'
ECHO_C=''
ECHO_N='-n'
ECHO_T=''
EMACS='/usr/bin/emacs'
EMACS_FLAVOR='emacs'
GS='gs'
INSTALL_DATA='${INSTALL} -m 644'
INSTALL_PROGRAM='${INSTALL}'
INSTALL_SCRIPT='${INSTALL}'
LATEX='/usr/bin/latex'
LIBOBJS=''
LIBS=''
LTLIBOBJS=''
PACKAGE_BUGREPORT='bug-auctex@gnu.org'
PACKAGE_NAME='preview-latex'
PACKAGE_STRING='preview-latex 11.84'
PACKAGE_TARNAME='preview-latex'
PACKAGE_URL=''
PACKAGE_VERSION='11.84'
PATH_SEPARATOR=':'
PDFLATEX='/usr/bin/pdflatex'
PLAT_LISP='prv-emacs.el'
SET_MAKE=''
SHELL='/bin/sh'
TEX='/usr/bin/tex'
TEXHASH=':'
TEXMFGEN='preview.sty prauctex.def prauctex.cfg prshowbox.def prshowlabels.def prtracingall.def prtightpage.def prlyx.def prcounters.def prfootnotes.def'
XEMACS='no'
auctexdir='..'
bindir='${exec_prefix}/bin'
build_alias=''
datadir='${datarootdir}'
datarootdir='${prefix}/share'
docdir='${datarootdir}/doc/${PACKAGE_TARNAME}'
dvidir='${docdir}'
exec_prefix='${prefix}'
host_alias=''
htmldir='${docdir}'
includedir='${prefix}/include'
infodir='${datarootdir}/info'
libdir='${exec_prefix}/lib'
libexecdir='${exec_prefix}/libexec'
lispGS=''
lispdir='/home/jdp/.emacs.d/el-get/auctex'
lisppackagedatadir='(expand-file-name "auctex" (file-name-directory load-file-name))'
lisppackagelispdir='(expand-file-name "auctex" (file-name-directory load-file-name))'
lisppackagetexstyles='(defvar preview-TeX-style-dir (expand-file-name "auctex/latex" (file-name-directory load-file-name)))'
localedir='${datarootdir}/locale'
localstatedir='${prefix}/var'
mandir='${datarootdir}/man'
oldincludedir='/usr/include'
packagedatadir='/home/jdp/.emacs.d/el-get/auctex/auctex'
packagedir='no'
packagelispdir='/home/jdp/.emacs.d/el-get/auctex/auctex'
packagetexstyles='/home/jdp/.emacs.d/el-get/auctex/auctex/latex'
pdfdir='${docdir}'
prefix='/usr/local'
previewdocdir='/home/jdp/.emacs.d/el-get/auctex/auctex/doc'
previewstartfile='/home/jdp/.emacs.d/el-get/auctex/preview-latex.el'
previewtexmfdir='/home/jdp/.emacs.d/el-get/auctex/auctex/latex'
program_transform_name='s,x,x,'
psdir='${docdir}'
sbindir='${exec_prefix}/sbin'
sharedstatedir='${prefix}/com'
sysconfdir='${prefix}/etc'
target_alias=''
texmfdir='no'

## ----------- ##
## confdefs.h. ##
## ----------- ##

/* confdefs.h */
#define PACKAGE_NAME "preview-latex"
#define PACKAGE_TARNAME "preview-latex"
#define PACKAGE_VERSION "11.84"
#define PACKAGE_STRING "preview-latex 11.84"
#define PACKAGE_BUGREPORT "bug-auctex@gnu.org"
#define PACKAGE_URL ""

configure: exit 0
