This file contains any messages produced by compilers while
running configure, to aid debugging if configure makes a mistake.

It was created by auctex configure 12.1, which was
generated by GNU Autoconf 2.69.  Invocation command line was

  $ ./configure 

## --------- ##
## Platform. ##
## --------- ##

hostname = localhost.localdomain
uname -m = x86_64
uname -r = 4.15.10-300.fc27.x86_64
uname -s = Linux
uname -v = #1 SMP Thu Mar 15 17:13:04 UTC 2018

/usr/bin/uname -p = x86_64
/bin/uname -X     = unknown

/bin/arch              = x86_64
/usr/bin/arch -k       = unknown
/usr/convex/getsysinfo = unknown
/usr/bin/hostinfo      = unknown
/bin/machine           = unknown
/usr/bin/oslevel       = unknown
/bin/universe          = unknown

PATH: /usr/local/bin
PATH: /usr/local/sbin
PATH: /usr/bin
PATH: /usr/sbin
PATH: /home/jdp/.local/bin
PATH: /home/jdp/bin


## ----------- ##
## Core tests. ##
## ----------- ##

configure:1799: checking for make
configure:1815: found /usr/bin/make
configure:1826: result: make
configure:1842: checking whether make sets $(MAKE)
configure:1864: result: yes
configure:1916: checking for a BSD-compatible install
configure:1984: result: /usr/bin/install -c
configure:1997: checking for date with git
configure:2010: result: 2018-03-06
configure:2013: checking for release with git
configure:2026: result: git not found, checking for release in ChangeLog:
configure:2035: result: 12.1
configure:2044: checking for date with git
configure:2057: result: 2018-03-06
configure:2060: checking for release with git
configure:2073: result: git not found, checking for release in ChangeLog:
configure:2082: result: 12.1
configure:2134: checking for emacs
configure:2152: found /usr/bin/emacs
configure:2164: result: /usr/bin/emacs
configure:2180: checking if /usr/bin/emacs is XEmacs
/usr/bin/emacs -batch -no-site-file -eval (let* ((x (if (featurep (quote xemacs)) "yes" "no"))) (write-region (if (stringp x) x (prin1-to-string x)) nil "./conftest-9044"))
=> no
configure:2200: result: no
configure:2204: checking for Emacs prefix
/usr/bin/emacs -batch -no-site-file -eval (let* ((cmd(pop command-line-args-left))(x (condition-case nil (let*
    ((prefix (directory-file-name (file-name-directory (executable-find cmd))))
     (parent (directory-file-name (file-name-directory prefix))))
    (if (string= (file-name-nondirectory prefix) "bin")
        (setq prefix parent)
      (if (string= (file-name-nondirectory parent) "bin")
         (setq prefix (directory-file-name (file-name-directory parent)))))
    prefix) (error NONE)))) (write-region (if (stringp x) x (prin1-to-string x)) nil "./conftest-9044")) /usr/bin/emacs
=> /usr
configure:2223: result: "/usr"
configure:2253: checking if Emacs is recent enough
/usr/bin/emacs -batch -no-site-file -eval (let* ((x (cond ((< emacs-major-version 21) "no")
			 ((> emacs-major-version 21) "yes")
			 ((< emacs-minor-version 01) "no")
			 (t "yes")))) (write-region (if (stringp x) x (prin1-to-string x)) nil "./conftest-9044"))
=> yes
configure:2267: result: yes
configure:2277: checking for MULE support
/usr/bin/emacs -batch -eval (let* ((x (condition-case nil (require 'mule ) 	(error (prog1 nil (message "mule not found")))))) (write-region (if (stringp x) x (prin1-to-string x)) nil "./conftest-9044"))
Loading /usr/share/emacs/site-lisp/site-start.d/anthy-init.el (source)...
Loading /usr/share/emacs/site-lisp/site-start.d/autoconf-init.el (source)...
Loading /usr/share/emacs/site-lisp/site-start.d/cmake-init.el (source)...
Loading /usr/share/emacs/site-lisp/site-start.d/desktop-entry-mode-init.el (source)...
Loading /usr/share/emacs/site-lisp/site-start.d/git-init.el (source)...
Loading /usr/share/emacs/site-lisp/site-start.d/slime-autoloads.el (source)...
Loading /usr/share/emacs/site-lisp/site-start.d/slime-tests.el (source)...
Real cl-lib shadowed by compatibility cl-lib? (/usr/share/emacs/site-lisp/slime/lib/cl-lib.elc)
cl-declare already defined, not rebinding
cl-dotimes already defined, not rebinding
cl-dolist already defined, not rebinding
cl-dolist already defined, not rebinding
cl-dotimes already defined, not rebinding
Loading /usr/share/emacs/site-lisp/site-start.d/slime.el (source)...
=> mule
configure:2311: result: yes
configure:2356: checking if build directory is valid
/usr/bin/emacs -batch -eval (let* ((x (if (or (member (directory-file-name default-directory) load-path)	      (member (file-name-as-directory default-directory) load-path))	 "no" "yes"))) (write-region (if (stringp x) x (prin1-to-string x)) nil "./conftest-9044"))
Loading /usr/share/emacs/site-lisp/site-start.d/anthy-init.el (source)...
Loading /usr/share/emacs/site-lisp/site-start.d/autoconf-init.el (source)...
Loading /usr/share/emacs/site-lisp/site-start.d/cmake-init.el (source)...
Loading /usr/share/emacs/site-lisp/site-start.d/desktop-entry-mode-init.el (source)...
Loading /usr/share/emacs/site-lisp/site-start.d/git-init.el (source)...
Loading /usr/share/emacs/site-lisp/site-start.d/slime-autoloads.el (source)...
Loading /usr/share/emacs/site-lisp/site-start.d/slime-tests.el (source)...
Real cl-lib shadowed by compatibility cl-lib? (/usr/share/emacs/site-lisp/slime/lib/cl-lib.elc)
cl-declare already defined, not rebinding
cl-dotimes already defined, not rebinding
cl-dolist already defined, not rebinding
cl-dolist already defined, not rebinding
cl-dotimes already defined, not rebinding
Loading /usr/share/emacs/site-lisp/site-start.d/slime.el (source)...
=> yes
configure:2372: result: yes
configure:2471: checking where lisp files go
/usr/bin/emacs -batch -eval (let* ((prefix(pop command-line-args-left)) (expanded(pop command-line-args-left)) (x (catch 22
       (let (reldir (dirs load-path))
	  (dolist (name (list "emacs/site-lisp" "emacs/site-packages"
	         "site-lisp" "site-packages") "NONE")
	    (dolist (dir dirs)
	      (when (and dir
	      	         (setq dir (directory-file-name dir))
                         (file-name-absolute-p dir)
	      	         (file-directory-p dir)
	                 (not (string-match "\\`\\.\\."
                           (setq reldir (file-relative-name dir expanded))))
			 (not (file-name-absolute-p reldir))
                         (let ((name name) (dir dir))
		           (while (and dir name
		                       (string= (file-name-nondirectory dir)
		                                (file-name-nondirectory name))
                              (setq dir (file-name-directory dir)
				   name (file-name-directory name))
			      (if (and dir name)
			         (setq dir (directory-file-name dir)
			              name (directory-file-name name)))))
		            (null name))
		   (throw 22
                      (if (string= reldir ".") (directory-file-name prefix)
                        (concat (file-name-as-directory prefix)
                                reldir))))))))))) (write-region (if (stringp x) x (prin1-to-string x)) nil "./conftest-9044")) ${datadir}/emacs /usr/local/share/emacs
Loading /usr/share/emacs/site-lisp/site-start.d/anthy-init.el (source)...
Loading /usr/share/emacs/site-lisp/site-start.d/autoconf-init.el (source)...
Loading /usr/share/emacs/site-lisp/site-start.d/cmake-init.el (source)...
Loading /usr/share/emacs/site-lisp/site-start.d/desktop-entry-mode-init.el (source)...
Loading /usr/share/emacs/site-lisp/site-start.d/git-init.el (source)...
Loading /usr/share/emacs/site-lisp/site-start.d/slime-autoloads.el (source)...
Loading /usr/share/emacs/site-lisp/site-start.d/slime-tests.el (source)...
Real cl-lib shadowed by compatibility cl-lib? (/usr/share/emacs/site-lisp/slime/lib/cl-lib.elc)
cl-declare already defined, not rebinding
cl-dotimes already defined, not rebinding
cl-dolist already defined, not rebinding
cl-dolist already defined, not rebinding
cl-dotimes already defined, not rebinding
Loading /usr/share/emacs/site-lisp/site-start.d/slime.el (source)...
=> NONE
/usr/bin/emacs -batch -eval (let* ((prefix(pop command-line-args-left)) (expanded(pop command-line-args-left)) (x (catch 22
       (let (reldir (dirs load-path))
	  (dolist (name (list "emacs/site-lisp" "emacs/site-packages"
	         "site-lisp" "site-packages") "NONE")
	    (dolist (dir dirs)
	      (when (and dir
	      	         (setq dir (directory-file-name dir))
                         (file-name-absolute-p dir)
	      	         (file-directory-p dir)
	                 (not (string-match "\\`\\.\\."
                           (setq reldir (file-relative-name dir expanded))))
			 (not (file-name-absolute-p reldir))
                         (let ((name name) (dir dir))
		           (while (and dir name
		                       (string= (file-name-nondirectory dir)
		                                (file-name-nondirectory name))
                              (setq dir (file-name-directory dir)
				   name (file-name-directory name))
			      (if (and dir name)
			         (setq dir (directory-file-name dir)
			              name (directory-file-name name)))))
		            (null name))
		   (throw 22
                      (if (string= reldir ".") (directory-file-name prefix)
                        (concat (file-name-as-directory prefix)
                                reldir))))))))))) (write-region (if (stringp x) x (prin1-to-string x)) nil "./conftest-9044")) ${libdir}/emacs /usr/local/lib/emacs
Loading /usr/share/emacs/site-lisp/site-start.d/anthy-init.el (source)...
Loading /usr/share/emacs/site-lisp/site-start.d/autoconf-init.el (source)...
Loading /usr/share/emacs/site-lisp/site-start.d/cmake-init.el (source)...
Loading /usr/share/emacs/site-lisp/site-start.d/desktop-entry-mode-init.el (source)...
Loading /usr/share/emacs/site-lisp/site-start.d/git-init.el (source)...
Loading /usr/share/emacs/site-lisp/site-start.d/slime-autoloads.el (source)...
Loading /usr/share/emacs/site-lisp/site-start.d/slime-tests.el (source)...
Real cl-lib shadowed by compatibility cl-lib? (/usr/share/emacs/site-lisp/slime/lib/cl-lib.elc)
cl-declare already defined, not rebinding
cl-dotimes already defined, not rebinding
cl-dolist already defined, not rebinding
cl-dolist already defined, not rebinding
cl-dotimes already defined, not rebinding
Loading /usr/share/emacs/site-lisp/site-start.d/slime.el (source)...
=> NONE
/usr/bin/emacs -batch -eval (let* ((prefix(pop command-line-args-left)) (expanded(pop command-line-args-left)) (x (catch 22
       (let (reldir (dirs load-path))
	  (dolist (name (list "emacs/site-lisp" "emacs/site-packages"
	         "site-lisp" "site-packages") "NONE")
	    (dolist (dir dirs)
	      (when (and dir
	      	         (setq dir (directory-file-name dir))
                         (file-name-absolute-p dir)
	      	         (file-directory-p dir)
	                 (not (string-match "\\`\\.\\."
                           (setq reldir (file-relative-name dir expanded))))
			 (not (file-name-absolute-p reldir))
                         (let ((name name) (dir dir))
		           (while (and dir name
		                       (string= (file-name-nondirectory dir)
		                                (file-name-nondirectory name))
                              (setq dir (file-name-directory dir)
				   name (file-name-directory name))
			      (if (and dir name)
			         (setq dir (directory-file-name dir)
			              name (directory-file-name name)))))
		            (null name))
		   (throw 22
                      (if (string= reldir ".") (directory-file-name prefix)
                        (concat (file-name-as-directory prefix)
                                reldir))))))))))) (write-region (if (stringp x) x (prin1-to-string x)) nil "./conftest-9044")) /usr/share/emacs /usr/share/emacs
Loading /usr/share/emacs/site-lisp/site-start.d/anthy-init.el (source)...
Loading /usr/share/emacs/site-lisp/site-start.d/autoconf-init.el (source)...
Loading /usr/share/emacs/site-lisp/site-start.d/cmake-init.el (source)...
Loading /usr/share/emacs/site-lisp/site-start.d/desktop-entry-mode-init.el (source)...
Loading /usr/share/emacs/site-lisp/site-start.d/git-init.el (source)...
Loading /usr/share/emacs/site-lisp/site-start.d/slime-autoloads.el (source)...
Loading /usr/share/emacs/site-lisp/site-start.d/slime-tests.el (source)...
Real cl-lib shadowed by compatibility cl-lib? (/usr/share/emacs/site-lisp/slime/lib/cl-lib.elc)
cl-declare already defined, not rebinding
cl-dotimes already defined, not rebinding
cl-dolist already defined, not rebinding
cl-dolist already defined, not rebinding
cl-dotimes already defined, not rebinding
Loading /usr/share/emacs/site-lisp/site-start.d/slime.el (source)...
=> /usr/share/emacs/site-lisp
configure:2543: result: /usr/share/emacs/site-lisp
configure:2547: checking what file to use for auctex startup
configure:2574: result: /usr/share/emacs/site-lisp/site-start.d/auctex.el
configure:2577: checking what file to use for preview startup
configure:2604: result: /usr/share/emacs/site-lisp/site-start.d/preview-latex.el
configure:2626: checking where the package lisp files go
/usr/bin/emacs -batch -no-site-file -eval (let* ((path(pop command-line-args-left)) (lispdir(pop command-line-args-left)) (startup(pop command-line-args-left)) (target(pop command-line-args-left))(x (progn (setq path (directory-file-name path))
  (if (or target
          (not (string= (car load-path) (directory-file-name (car load-path)))))
    (setq path (file-name-as-directory path)))
  (setq path (expand-file-name path lispdir))
  (setq startupdir (file-name-directory (expand-file-name startup lispdir)))
  (prin1-to-string
    (if (or (string-match "\\`\\.\\."
              (setq relname (file-relative-name startupdir lispdir)))
            (file-name-absolute-p relname)
	    (string-match "\\`\\.\\."
              (setq relname (file-relative-name path lispdir)))
 	    (file-name-absolute-p relname))
	  (concat path target)
	(cond (target
	       `(expand-file-name
                   ,(file-relative-name (concat path target) startupdir)
	           (file-name-directory load-file-name)))
              ((string= path startupdir)
	         '(file-name-directory load-file-name))
	      ((string= path (directory-file-name startupdir))
                 '(directory-file-name (file-name-directory load-file-name)))
              (t
	       `(expand-file-name
                   ,(file-relative-name path startupdir)
	           (file-name-directory load-file-name))))))))) (write-region (if (stringp x) x (prin1-to-string x)) nil "./conftest-9044")) /usr/share/emacs/site-lisp/auctex /usr/share/emacs/site-lisp /usr/share/emacs/site-lisp/tex-site.el
=> (expand-file-name "auctex" (file-name-directory load-file-name))
configure:2707: result: /usr/share/emacs/site-lisp/auctex
configure:2710: checking where the data files go
/usr/bin/emacs -batch -no-site-file -eval (let* ((path(pop command-line-args-left)) (lispdir(pop command-line-args-left)) (startup(pop command-line-args-left)) (target(pop command-line-args-left))(x (progn (setq path (directory-file-name path))
  (if (or target
          (not (string= (car load-path) (directory-file-name (car load-path)))))
    (setq path (file-name-as-directory path)))
  (setq path (expand-file-name path lispdir))
  (setq startupdir (file-name-directory (expand-file-name startup lispdir)))
  (prin1-to-string
    (if (or (string-match "\\`\\.\\."
              (setq relname (file-relative-name startupdir lispdir)))
            (file-name-absolute-p relname)
	    (string-match "\\`\\.\\."
              (setq relname (file-relative-name path lispdir)))
 	    (file-name-absolute-p relname))
	  (concat path target)
	(cond (target
	       `(expand-file-name
                   ,(file-relative-name (concat path target) startupdir)
	           (file-name-directory load-file-name)))
              ((string= path startupdir)
	         '(file-name-directory load-file-name))
	      ((string= path (directory-file-name startupdir))
                 '(directory-file-name (file-name-directory load-file-name)))
              (t
	       `(expand-file-name
                   ,(file-relative-name path startupdir)
	           (file-name-directory load-file-name))))))))) (write-region (if (stringp x) x (prin1-to-string x)) nil "./conftest-9044")) /usr/share/emacs/site-lisp/auctex /usr/share/emacs/site-lisp /usr/share/emacs/site-lisp/tex-site.el
=> (expand-file-name "auctex" (file-name-directory load-file-name))
configure:2791: result: /usr/share/emacs/site-lisp/auctex
/usr/bin/emacs -batch -no-site-file -eval (let* ((path(pop command-line-args-left)) (lispdir(pop command-line-args-left)) (startup(pop command-line-args-left)) (target(pop command-line-args-left))(x (progn (setq path (directory-file-name path))
  (if (or target
          (not (string= (car load-path) (directory-file-name (car load-path)))))
    (setq path (file-name-as-directory path)))
  (setq path (expand-file-name path lispdir))
  (setq startupdir (file-name-directory (expand-file-name startup lispdir)))
  (prin1-to-string
    (if (or (string-match "\\`\\.\\."
              (setq relname (file-relative-name startupdir lispdir)))
            (file-name-absolute-p relname)
	    (string-match "\\`\\.\\."
              (setq relname (file-relative-name path lispdir)))
 	    (file-name-absolute-p relname))
	  (concat path target)
	(cond (target
	       `(expand-file-name
                   ,(file-relative-name (concat path target) startupdir)
	           (file-name-directory load-file-name)))
              ((string= path startupdir)
	         '(file-name-directory load-file-name))
	      ((string= path (directory-file-name startupdir))
                 '(directory-file-name (file-name-directory load-file-name)))
              (t
	       `(expand-file-name
                   ,(file-relative-name path startupdir)
	           (file-name-directory load-file-name))))))))) (write-region (if (stringp x) x (prin1-to-string x)) nil "./conftest-9044"))  /usr/share/emacs/site-lisp /usr/share/emacs/site-lisp/site-start.d/auctex.el tex-site.el
=> (expand-file-name "../tex-site.el" (file-name-directory load-file-name))
configure:2868: checking where the info files go
configure:2870: result: ${datarootdir}/info
configure:2881: checking where automatically generated global style hooks go
configure:2891: result: ${localstatedir}/auctex
/usr/bin/emacs -batch -no-site-file -eval (let* ((path(pop command-line-args-left)) (lispdir(pop command-line-args-left)) (startup(pop command-line-args-left)) (target(pop command-line-args-left))(x (progn (setq path (directory-file-name path))
  (if (or target
          (not (string= (car load-path) (directory-file-name (car load-path)))))
    (setq path (file-name-as-directory path)))
  (setq path (expand-file-name path lispdir))
  (setq startupdir (file-name-directory (expand-file-name startup lispdir)))
  (prin1-to-string
    (if (or (string-match "\\`\\.\\."
              (setq relname (file-relative-name startupdir lispdir)))
            (file-name-absolute-p relname)
	    (string-match "\\`\\.\\."
              (setq relname (file-relative-name path lispdir)))
 	    (file-name-absolute-p relname))
	  (concat path target)
	(cond (target
	       `(expand-file-name
                   ,(file-relative-name (concat path target) startupdir)
	           (file-name-directory load-file-name)))
              ((string= path startupdir)
	         '(file-name-directory load-file-name))
	      ((string= path (directory-file-name startupdir))
                 '(directory-file-name (file-name-directory load-file-name)))
              (t
	       `(expand-file-name
                   ,(file-relative-name path startupdir)
	           (file-name-directory load-file-name))))))))) (write-region (if (stringp x) x (prin1-to-string x)) nil "./conftest-9044")) /usr/local/var/auctex /usr/share/emacs/site-lisp /usr/share/emacs/site-lisp/tex-site.el
=> "/usr/local/var/auctex"
configure:2971: checking for tex
configure:2989: found /usr/bin/tex
configure:3002: result: /usr/bin/tex
configure:3012: checking for pdftex
configure:3030: found /usr/bin/pdftex
configure:3043: result: /usr/bin/pdftex
configure:3053: checking for dvips
configure:3071: found /usr/bin/dvips
configure:3084: result: /usr/bin/dvips
configure:3101: checking for gs
configure:3117: found /usr/bin/gs
configure:3128: result: gs
/usr/bin/emacs -batch -no-site-file -eval (let* ((dir(pop command-line-args-left))(x (if (member dir (list "NONE" (if (eq system-type 'windows-nt) "GSWIN32C.EXE" "gs"))) "" `(defvar preview-gs-command ,dir)))) (write-region (if (stringp x) x (prin1-to-string x)) nil "./conftest-9044")) gs
=> 
configure:3156: checking for latex
configure:3174: found /usr/bin/latex
configure:3187: result: /usr/bin/latex
configure:3203: checking for pdflatex
configure:3221: found /usr/bin/pdflatex
configure:3233: result: /usr/bin/pdflatex
configure:3252: checking for tex
configure:3283: result: /usr/bin/tex
configure:3387: checking for prefix from kpsepath
/usr/bin/emacs -batch -no-site-file -eval (let* ((cmd(pop command-line-args-left))(x (condition-case nil (let*
    ((prefix (directory-file-name (file-name-directory (executable-find cmd))))
     (parent (directory-file-name (file-name-directory prefix))))
    (if (string= (file-name-nondirectory prefix) "bin")
        (setq prefix parent)
      (if (string= (file-name-nondirectory parent) "bin")
         (setq prefix (directory-file-name (file-name-directory parent)))))
    prefix) (error NONE)))) (write-region (if (stringp x) x (prin1-to-string x)) nil "./conftest-9044")) kpsepath
=> /usr
configure:3411: result: "/usr"
configure:3414: checking for TDS-compliant directory
/usr/bin/emacs -batch -no-site-file -eval (let* ((prefix(pop command-line-args-left)) (expanded(pop command-line-args-left)) (pathoutput(pop command-line-args-left))(x (catch 22
       (let (reldir (dirs (mapcar (lambda(x)
              (and (string-match "\\`!*\\(.*\\)/tex/latex//+\\'" x)
	           (match-string 1 x)))
      (append (split-string pathoutput ";")
             (split-string pathoutput ":")))))
	  (dolist (name (list nil) "NONE")
	    (dolist (dir dirs)
	      (when (and dir
	      	         (setq dir (directory-file-name dir))
                         (file-name-absolute-p dir)
	      	         (file-directory-p dir)
	                 (not (string-match "\\`\\.\\."
                           (setq reldir (file-relative-name dir expanded))))
			 (not (file-name-absolute-p reldir))
                         (let ((name name) (dir dir))
		           (while (and dir name
		                       (string= (file-name-nondirectory dir)
		                                (file-name-nondirectory name))
                              (setq dir (file-name-directory dir)
				   name (file-name-directory name))
			      (if (and dir name)
			         (setq dir (directory-file-name dir)
			              name (directory-file-name name)))))
		            (null name))
		   (throw 22
                      (if (string= reldir ".") (directory-file-name prefix)
                        (concat (file-name-as-directory prefix)
                                reldir))))))))))) (write-region (if (stringp x) x (prin1-to-string x)) nil "./conftest-9044")) ${datadir}/texmf /usr/local/share/texmf .:/home/jdp/.cache/texlive/texmf-config/tex/latex//:/home/jdp/.cache/texlive/texmf-var/tex/latex//:/home/jdp/texmf/tex/latex//:!!/usr/share/texlive/texmf-config/tex/latex//:!!/usr/share/texlive/texmf-var/tex/latex//:!!/usr/share/texlive/texmf-local///tex/latex//:!!/usr/share/texlive/texmf-dist/tex/latex//:/home/jdp/.cache/texlive/texmf-config/tex/generic//:/home/jdp/.cache/texlive/texmf-var/tex/generic//:/home/jdp/texmf/tex/generic//:!!/usr/share/texlive/texmf-config/tex/generic//:!!/usr/share/texlive/texmf-var/tex/generic//:!!/usr/share/texlive/texmf-local///tex/generic//:!!/usr/share/texlive/texmf-dist/tex/generic//:/home/jdp/.cache/texlive/texmf-config/tex///:/home/jdp/.cache/texlive/texmf-var/tex///:/home/jdp/texmf/tex///:!!/usr/share/texlive/texmf-config/tex///:!!/usr/share/texlive/texmf-var/tex///:!!/usr/share/texlive/texmf-local///tex///:!!/usr/share/texlive/texmf-dist/tex///
=> NONE
/usr/bin/emacs -batch -no-site-file -eval (let* ((prefix(pop command-line-args-left)) (expanded(pop command-line-args-left)) (pathoutput(pop command-line-args-left))(x (catch 22
       (let (reldir (dirs (mapcar (lambda(x)
              (and (string-match "\\`!*\\(.*\\)/tex/latex//+\\'" x)
	           (match-string 1 x)))
      (append (split-string pathoutput ";")
             (split-string pathoutput ":")))))
	  (dolist (name (list nil) "NONE")
	    (dolist (dir dirs)
	      (when (and dir
	      	         (setq dir (directory-file-name dir))
                         (file-name-absolute-p dir)
	      	         (file-directory-p dir)
	                 (not (string-match "\\`\\.\\."
                           (setq reldir (file-relative-name dir expanded))))
			 (not (file-name-absolute-p reldir))
                         (let ((name name) (dir dir))
		           (while (and dir name
		                       (string= (file-name-nondirectory dir)
		                                (file-name-nondirectory name))
                              (setq dir (file-name-directory dir)
				   name (file-name-directory name))
			      (if (and dir name)
			         (setq dir (directory-file-name dir)
			              name (directory-file-name name)))))
		            (null name))
		   (throw 22
                      (if (string= reldir ".") (directory-file-name prefix)
                        (concat (file-name-as-directory prefix)
                                reldir))))))))))) (write-region (if (stringp x) x (prin1-to-string x)) nil "./conftest-9044")) /usr/share/texmf-local /usr/share/texmf-local .:/home/jdp/.cache/texlive/texmf-config/tex/latex//:/home/jdp/.cache/texlive/texmf-var/tex/latex//:/home/jdp/texmf/tex/latex//:!!/usr/share/texlive/texmf-config/tex/latex//:!!/usr/share/texlive/texmf-var/tex/latex//:!!/usr/share/texlive/texmf-local///tex/latex//:!!/usr/share/texlive/texmf-dist/tex/latex//:/home/jdp/.cache/texlive/texmf-config/tex/generic//:/home/jdp/.cache/texlive/texmf-var/tex/generic//:/home/jdp/texmf/tex/generic//:!!/usr/share/texlive/texmf-config/tex/generic//:!!/usr/share/texlive/texmf-var/tex/generic//:!!/usr/share/texlive/texmf-local///tex/generic//:!!/usr/share/texlive/texmf-dist/tex/generic//:/home/jdp/.cache/texlive/texmf-config/tex///:/home/jdp/.cache/texlive/texmf-var/tex///:/home/jdp/texmf/tex///:!!/usr/share/texlive/texmf-config/tex///:!!/usr/share/texlive/texmf-var/tex///:!!/usr/share/texlive/texmf-local///tex///:!!/usr/share/texlive/texmf-dist/tex///
=> NONE
/usr/bin/emacs -batch -no-site-file -eval (let* ((prefix(pop command-line-args-left)) (expanded(pop command-line-args-left)) (pathoutput(pop command-line-args-left))(x (catch 22
       (let (reldir (dirs (mapcar (lambda(x)
              (and (string-match "\\`!*\\(.*\\)/tex/latex//+\\'" x)
	           (match-string 1 x)))
      (append (split-string pathoutput ";")
             (split-string pathoutput ":")))))
	  (dolist (name (list nil) "NONE")
	    (dolist (dir dirs)
	      (when (and dir
	      	         (setq dir (directory-file-name dir))
                         (file-name-absolute-p dir)
	      	         (file-directory-p dir)
	                 (not (string-match "\\`\\.\\."
                           (setq reldir (file-relative-name dir expanded))))
			 (not (file-name-absolute-p reldir))
                         (let ((name name) (dir dir))
		           (while (and dir name
		                       (string= (file-name-nondirectory dir)
		                                (file-name-nondirectory name))
                              (setq dir (file-name-directory dir)
				   name (file-name-directory name))
			      (if (and dir name)
			         (setq dir (directory-file-name dir)
			              name (directory-file-name name)))))
		            (null name))
		   (throw 22
                      (if (string= reldir ".") (directory-file-name prefix)
                        (concat (file-name-as-directory prefix)
                                reldir))))))))))) (write-region (if (stringp x) x (prin1-to-string x)) nil "./conftest-9044")) /usr/share/texmf /usr/share/texmf .:/home/jdp/.cache/texlive/texmf-config/tex/latex//:/home/jdp/.cache/texlive/texmf-var/tex/latex//:/home/jdp/texmf/tex/latex//:!!/usr/share/texlive/texmf-config/tex/latex//:!!/usr/share/texlive/texmf-var/tex/latex//:!!/usr/share/texlive/texmf-local///tex/latex//:!!/usr/share/texlive/texmf-dist/tex/latex//:/home/jdp/.cache/texlive/texmf-config/tex/generic//:/home/jdp/.cache/texlive/texmf-var/tex/generic//:/home/jdp/texmf/tex/generic//:!!/usr/share/texlive/texmf-config/tex/generic//:!!/usr/share/texlive/texmf-var/tex/generic//:!!/usr/share/texlive/texmf-local///tex/generic//:!!/usr/share/texlive/texmf-dist/tex/generic//:/home/jdp/.cache/texlive/texmf-config/tex///:/home/jdp/.cache/texlive/texmf-var/tex///:/home/jdp/texmf/tex///:!!/usr/share/texlive/texmf-config/tex///:!!/usr/share/texlive/texmf-var/tex///:!!/usr/share/texlive/texmf-local///tex///:!!/usr/share/texlive/texmf-dist/tex///
=> NONE
/usr/bin/emacs -batch -no-site-file -eval (let* ((prefix(pop command-line-args-left)) (expanded(pop command-line-args-left)) (pathoutput(pop command-line-args-left))(x (catch 22
       (let (reldir (dirs (mapcar (lambda(x)
              (and (string-match "\\`!*\\(.*\\)/tex/latex//+\\'" x)
	           (match-string 1 x)))
      (append (split-string pathoutput ";")
             (split-string pathoutput ":")))))
	  (dolist (name (list nil) "NONE")
	    (dolist (dir dirs)
	      (when (and dir
	      	         (setq dir (directory-file-name dir))
                         (file-name-absolute-p dir)
	      	         (file-directory-p dir)
	                 (not (string-match "\\`\\.\\."
                           (setq reldir (file-relative-name dir expanded))))
			 (not (file-name-absolute-p reldir))
                         (let ((name name) (dir dir))
		           (while (and dir name
		                       (string= (file-name-nondirectory dir)
		                                (file-name-nondirectory name))
                              (setq dir (file-name-directory dir)
				   name (file-name-directory name))
			      (if (and dir name)
			         (setq dir (directory-file-name dir)
			              name (directory-file-name name)))))
		            (null name))
		   (throw 22
                      (if (string= reldir ".") (directory-file-name prefix)
                        (concat (file-name-as-directory prefix)
                                reldir))))))))))) (write-region (if (stringp x) x (prin1-to-string x)) nil "./conftest-9044")) /usr/texmf-local /usr/texmf-local .:/home/jdp/.cache/texlive/texmf-config/tex/latex//:/home/jdp/.cache/texlive/texmf-var/tex/latex//:/home/jdp/texmf/tex/latex//:!!/usr/share/texlive/texmf-config/tex/latex//:!!/usr/share/texlive/texmf-var/tex/latex//:!!/usr/share/texlive/texmf-local///tex/latex//:!!/usr/share/texlive/texmf-dist/tex/latex//:/home/jdp/.cache/texlive/texmf-config/tex/generic//:/home/jdp/.cache/texlive/texmf-var/tex/generic//:/home/jdp/texmf/tex/generic//:!!/usr/share/texlive/texmf-config/tex/generic//:!!/usr/share/texlive/texmf-var/tex/generic//:!!/usr/share/texlive/texmf-local///tex/generic//:!!/usr/share/texlive/texmf-dist/tex/generic//:/home/jdp/.cache/texlive/texmf-config/tex///:/home/jdp/.cache/texlive/texmf-var/tex///:/home/jdp/texmf/tex///:!!/usr/share/texlive/texmf-config/tex///:!!/usr/share/texlive/texmf-var/tex///:!!/usr/share/texlive/texmf-local///tex///:!!/usr/share/texlive/texmf-dist/tex///
=> NONE
/usr/bin/emacs -batch -no-site-file -eval (let* ((prefix(pop command-line-args-left)) (expanded(pop command-line-args-left)) (pathoutput(pop command-line-args-left))(x (catch 22
       (let (reldir (dirs (mapcar (lambda(x)
              (and (string-match "\\`!*\\(.*\\)/tex/latex//+\\'" x)
	           (match-string 1 x)))
      (append (split-string pathoutput ";")
             (split-string pathoutput ":")))))
	  (dolist (name (list nil) "NONE")
	    (dolist (dir dirs)
	      (when (and dir
	      	         (setq dir (directory-file-name dir))
                         (file-name-absolute-p dir)
	      	         (file-directory-p dir)
	                 (not (string-match "\\`\\.\\."
                           (setq reldir (file-relative-name dir expanded))))
			 (not (file-name-absolute-p reldir))
                         (let ((name name) (dir dir))
		           (while (and dir name
		                       (string= (file-name-nondirectory dir)
		                                (file-name-nondirectory name))
                              (setq dir (file-name-directory dir)
				   name (file-name-directory name))
			      (if (and dir name)
			         (setq dir (directory-file-name dir)
			              name (directory-file-name name)))))
		            (null name))
		   (throw 22
                      (if (string= reldir ".") (directory-file-name prefix)
                        (concat (file-name-as-directory prefix)
                                reldir))))))))))) (write-region (if (stringp x) x (prin1-to-string x)) nil "./conftest-9044")) /usr/texmf /usr/texmf .:/home/jdp/.cache/texlive/texmf-config/tex/latex//:/home/jdp/.cache/texlive/texmf-var/tex/latex//:/home/jdp/texmf/tex/latex//:!!/usr/share/texlive/texmf-config/tex/latex//:!!/usr/share/texlive/texmf-var/tex/latex//:!!/usr/share/texlive/texmf-local///tex/latex//:!!/usr/share/texlive/texmf-dist/tex/latex//:/home/jdp/.cache/texlive/texmf-config/tex/generic//:/home/jdp/.cache/texlive/texmf-var/tex/generic//:/home/jdp/texmf/tex/generic//:!!/usr/share/texlive/texmf-config/tex/generic//:!!/usr/share/texlive/texmf-var/tex/generic//:!!/usr/share/texlive/texmf-local///tex/generic//:!!/usr/share/texlive/texmf-dist/tex/generic//:/home/jdp/.cache/texlive/texmf-config/tex///:/home/jdp/.cache/texlive/texmf-var/tex///:/home/jdp/texmf/tex///:!!/usr/share/texlive/texmf-config/tex///:!!/usr/share/texlive/texmf-var/tex///:!!/usr/share/texlive/texmf-local///tex///:!!/usr/share/texlive/texmf-dist/tex///
=> NONE
configure:3479: result: no
configure:3481: checking for TeX directory hierarchy
/usr/bin/emacs -batch -no-site-file -eval (let* ((prefix(pop command-line-args-left)) (expanded(pop command-line-args-left)) (pathoutput(pop command-line-args-left))(x (catch 22
       (let (reldir (dirs (mapcar (lambda(x)
              (and (string-match "\\`!*\\(.*[^/]\\)//+\\'" x)
	           (match-string 1 x)))
      (append (split-string pathoutput ";")
             (split-string pathoutput ":")))))
	  (dolist (name (list nil) "NONE")
	    (dolist (dir dirs)
	      (when (and dir
	      	         (setq dir (directory-file-name dir))
                         (file-name-absolute-p dir)
	      	         (file-directory-p dir)
	                 (not (string-match "\\`\\.\\."
                           (setq reldir (file-relative-name dir expanded))))
			 (not (file-name-absolute-p reldir))
                         (let ((name name) (dir dir))
		           (while (and dir name
		                       (string= (file-name-nondirectory dir)
		                                (file-name-nondirectory name))
                              (setq dir (file-name-directory dir)
				   name (file-name-directory name))
			      (if (and dir name)
			         (setq dir (directory-file-name dir)
			              name (directory-file-name name)))))
		            (null name))
		   (throw 22
                      (if (string= reldir ".") (directory-file-name prefix)
                        (concat (file-name-as-directory prefix)
                                reldir))))))))))) (write-region (if (stringp x) x (prin1-to-string x)) nil "./conftest-9044")) ${datadir}/texmf /usr/local/share/texmf .:/home/jdp/.cache/texlive/texmf-config/tex/latex//:/home/jdp/.cache/texlive/texmf-var/tex/latex//:/home/jdp/texmf/tex/latex//:!!/usr/share/texlive/texmf-config/tex/latex//:!!/usr/share/texlive/texmf-var/tex/latex//:!!/usr/share/texlive/texmf-local///tex/latex//:!!/usr/share/texlive/texmf-dist/tex/latex//:/home/jdp/.cache/texlive/texmf-config/tex/generic//:/home/jdp/.cache/texlive/texmf-var/tex/generic//:/home/jdp/texmf/tex/generic//:!!/usr/share/texlive/texmf-config/tex/generic//:!!/usr/share/texlive/texmf-var/tex/generic//:!!/usr/share/texlive/texmf-local///tex/generic//:!!/usr/share/texlive/texmf-dist/tex/generic//:/home/jdp/.cache/texlive/texmf-config/tex///:/home/jdp/.cache/texlive/texmf-var/tex///:/home/jdp/texmf/tex///:!!/usr/share/texlive/texmf-config/tex///:!!/usr/share/texlive/texmf-var/tex///:!!/usr/share/texlive/texmf-local///tex///:!!/usr/share/texlive/texmf-dist/tex///
=> NONE
/usr/bin/emacs -batch -no-site-file -eval (let* ((prefix(pop command-line-args-left)) (expanded(pop command-line-args-left)) (pathoutput(pop command-line-args-left))(x (catch 22
       (let (reldir (dirs (mapcar (lambda(x)
              (and (string-match "\\`!*\\(.*[^/]\\)//+\\'" x)
	           (match-string 1 x)))
      (append (split-string pathoutput ";")
             (split-string pathoutput ":")))))
	  (dolist (name (list nil) "NONE")
	    (dolist (dir dirs)
	      (when (and dir
	      	         (setq dir (directory-file-name dir))
                         (file-name-absolute-p dir)
	      	         (file-directory-p dir)
	                 (not (string-match "\\`\\.\\."
                           (setq reldir (file-relative-name dir expanded))))
			 (not (file-name-absolute-p reldir))
                         (let ((name name) (dir dir))
		           (while (and dir name
		                       (string= (file-name-nondirectory dir)
		                                (file-name-nondirectory name))
                              (setq dir (file-name-directory dir)
				   name (file-name-directory name))
			      (if (and dir name)
			         (setq dir (directory-file-name dir)
			              name (directory-file-name name)))))
		            (null name))
		   (throw 22
                      (if (string= reldir ".") (directory-file-name prefix)
                        (concat (file-name-as-directory prefix)
                                reldir))))))))))) (write-region (if (stringp x) x (prin1-to-string x)) nil "./conftest-9044")) /usr/share/texmf-local /usr/share/texmf-local .:/home/jdp/.cache/texlive/texmf-config/tex/latex//:/home/jdp/.cache/texlive/texmf-var/tex/latex//:/home/jdp/texmf/tex/latex//:!!/usr/share/texlive/texmf-config/tex/latex//:!!/usr/share/texlive/texmf-var/tex/latex//:!!/usr/share/texlive/texmf-local///tex/latex//:!!/usr/share/texlive/texmf-dist/tex/latex//:/home/jdp/.cache/texlive/texmf-config/tex/generic//:/home/jdp/.cache/texlive/texmf-var/tex/generic//:/home/jdp/texmf/tex/generic//:!!/usr/share/texlive/texmf-config/tex/generic//:!!/usr/share/texlive/texmf-var/tex/generic//:!!/usr/share/texlive/texmf-local///tex/generic//:!!/usr/share/texlive/texmf-dist/tex/generic//:/home/jdp/.cache/texlive/texmf-config/tex///:/home/jdp/.cache/texlive/texmf-var/tex///:/home/jdp/texmf/tex///:!!/usr/share/texlive/texmf-config/tex///:!!/usr/share/texlive/texmf-var/tex///:!!/usr/share/texlive/texmf-local///tex///:!!/usr/share/texlive/texmf-dist/tex///
=> NONE
/usr/bin/emacs -batch -no-site-file -eval (let* ((prefix(pop command-line-args-left)) (expanded(pop command-line-args-left)) (pathoutput(pop command-line-args-left))(x (catch 22
       (let (reldir (dirs (mapcar (lambda(x)
              (and (string-match "\\`!*\\(.*[^/]\\)//+\\'" x)
	           (match-string 1 x)))
      (append (split-string pathoutput ";")
             (split-string pathoutput ":")))))
	  (dolist (name (list nil) "NONE")
	    (dolist (dir dirs)
	      (when (and dir
	      	         (setq dir (directory-file-name dir))
                         (file-name-absolute-p dir)
	      	         (file-directory-p dir)
	                 (not (string-match "\\`\\.\\."
                           (setq reldir (file-relative-name dir expanded))))
			 (not (file-name-absolute-p reldir))
                         (let ((name name) (dir dir))
		           (while (and dir name
		                       (string= (file-name-nondirectory dir)
		                                (file-name-nondirectory name))
                              (setq dir (file-name-directory dir)
				   name (file-name-directory name))
			      (if (and dir name)
			         (setq dir (directory-file-name dir)
			              name (directory-file-name name)))))
		            (null name))
		   (throw 22
                      (if (string= reldir ".") (directory-file-name prefix)
                        (concat (file-name-as-directory prefix)
                                reldir))))))))))) (write-region (if (stringp x) x (prin1-to-string x)) nil "./conftest-9044")) /usr/share/texmf /usr/share/texmf .:/home/jdp/.cache/texlive/texmf-config/tex/latex//:/home/jdp/.cache/texlive/texmf-var/tex/latex//:/home/jdp/texmf/tex/latex//:!!/usr/share/texlive/texmf-config/tex/latex//:!!/usr/share/texlive/texmf-var/tex/latex//:!!/usr/share/texlive/texmf-local///tex/latex//:!!/usr/share/texlive/texmf-dist/tex/latex//:/home/jdp/.cache/texlive/texmf-config/tex/generic//:/home/jdp/.cache/texlive/texmf-var/tex/generic//:/home/jdp/texmf/tex/generic//:!!/usr/share/texlive/texmf-config/tex/generic//:!!/usr/share/texlive/texmf-var/tex/generic//:!!/usr/share/texlive/texmf-local///tex/generic//:!!/usr/share/texlive/texmf-dist/tex/generic//:/home/jdp/.cache/texlive/texmf-config/tex///:/home/jdp/.cache/texlive/texmf-var/tex///:/home/jdp/texmf/tex///:!!/usr/share/texlive/texmf-config/tex///:!!/usr/share/texlive/texmf-var/tex///:!!/usr/share/texlive/texmf-local///tex///:!!/usr/share/texlive/texmf-dist/tex///
=> NONE
/usr/bin/emacs -batch -no-site-file -eval (let* ((prefix(pop command-line-args-left)) (expanded(pop command-line-args-left)) (pathoutput(pop command-line-args-left))(x (catch 22
       (let (reldir (dirs (mapcar (lambda(x)
              (and (string-match "\\`!*\\(.*[^/]\\)//+\\'" x)
	           (match-string 1 x)))
      (append (split-string pathoutput ";")
             (split-string pathoutput ":")))))
	  (dolist (name (list nil) "NONE")
	    (dolist (dir dirs)
	      (when (and dir
	      	         (setq dir (directory-file-name dir))
                         (file-name-absolute-p dir)
	      	         (file-directory-p dir)
	                 (not (string-match "\\`\\.\\."
                           (setq reldir (file-relative-name dir expanded))))
			 (not (file-name-absolute-p reldir))
                         (let ((name name) (dir dir))
		           (while (and dir name
		                       (string= (file-name-nondirectory dir)
		                                (file-name-nondirectory name))
                              (setq dir (file-name-directory dir)
				   name (file-name-directory name))
			      (if (and dir name)
			         (setq dir (directory-file-name dir)
			              name (directory-file-name name)))))
		            (null name))
		   (throw 22
                      (if (string= reldir ".") (directory-file-name prefix)
                        (concat (file-name-as-directory prefix)
                                reldir))))))))))) (write-region (if (stringp x) x (prin1-to-string x)) nil "./conftest-9044")) /usr/texmf-local /usr/texmf-local .:/home/jdp/.cache/texlive/texmf-config/tex/latex//:/home/jdp/.cache/texlive/texmf-var/tex/latex//:/home/jdp/texmf/tex/latex//:!!/usr/share/texlive/texmf-config/tex/latex//:!!/usr/share/texlive/texmf-var/tex/latex//:!!/usr/share/texlive/texmf-local///tex/latex//:!!/usr/share/texlive/texmf-dist/tex/latex//:/home/jdp/.cache/texlive/texmf-config/tex/generic//:/home/jdp/.cache/texlive/texmf-var/tex/generic//:/home/jdp/texmf/tex/generic//:!!/usr/share/texlive/texmf-config/tex/generic//:!!/usr/share/texlive/texmf-var/tex/generic//:!!/usr/share/texlive/texmf-local///tex/generic//:!!/usr/share/texlive/texmf-dist/tex/generic//:/home/jdp/.cache/texlive/texmf-config/tex///:/home/jdp/.cache/texlive/texmf-var/tex///:/home/jdp/texmf/tex///:!!/usr/share/texlive/texmf-config/tex///:!!/usr/share/texlive/texmf-var/tex///:!!/usr/share/texlive/texmf-local///tex///:!!/usr/share/texlive/texmf-dist/tex///
=> NONE
/usr/bin/emacs -batch -no-site-file -eval (let* ((prefix(pop command-line-args-left)) (expanded(pop command-line-args-left)) (pathoutput(pop command-line-args-left))(x (catch 22
       (let (reldir (dirs (mapcar (lambda(x)
              (and (string-match "\\`!*\\(.*[^/]\\)//+\\'" x)
	           (match-string 1 x)))
      (append (split-string pathoutput ";")
             (split-string pathoutput ":")))))
	  (dolist (name (list nil) "NONE")
	    (dolist (dir dirs)
	      (when (and dir
	      	         (setq dir (directory-file-name dir))
                         (file-name-absolute-p dir)
	      	         (file-directory-p dir)
	                 (not (string-match "\\`\\.\\."
                           (setq reldir (file-relative-name dir expanded))))
			 (not (file-name-absolute-p reldir))
                         (let ((name name) (dir dir))
		           (while (and dir name
		                       (string= (file-name-nondirectory dir)
		                                (file-name-nondirectory name))
                              (setq dir (file-name-directory dir)
				   name (file-name-directory name))
			      (if (and dir name)
			         (setq dir (directory-file-name dir)
			              name (directory-file-name name)))))
		            (null name))
		   (throw 22
                      (if (string= reldir ".") (directory-file-name prefix)
                        (concat (file-name-as-directory prefix)
                                reldir))))))))))) (write-region (if (stringp x) x (prin1-to-string x)) nil "./conftest-9044")) /usr/texmf /usr/texmf .:/home/jdp/.cache/texlive/texmf-config/tex/latex//:/home/jdp/.cache/texlive/texmf-var/tex/latex//:/home/jdp/texmf/tex/latex//:!!/usr/share/texlive/texmf-config/tex/latex//:!!/usr/share/texlive/texmf-var/tex/latex//:!!/usr/share/texlive/texmf-local///tex/latex//:!!/usr/share/texlive/texmf-dist/tex/latex//:/home/jdp/.cache/texlive/texmf-config/tex/generic//:/home/jdp/.cache/texlive/texmf-var/tex/generic//:/home/jdp/texmf/tex/generic//:!!/usr/share/texlive/texmf-config/tex/generic//:!!/usr/share/texlive/texmf-var/tex/generic//:!!/usr/share/texlive/texmf-local///tex/generic//:!!/usr/share/texlive/texmf-dist/tex/generic//:/home/jdp/.cache/texlive/texmf-config/tex///:/home/jdp/.cache/texlive/texmf-var/tex///:/home/jdp/texmf/tex///:!!/usr/share/texlive/texmf-config/tex///:!!/usr/share/texlive/texmf-var/tex///:!!/usr/share/texlive/texmf-local///tex///:!!/usr/share/texlive/texmf-dist/tex///
=> NONE
/usr/bin/emacs -batch -no-site-file -eval (let* ((prefix(pop command-line-args-left)) (expanded(pop command-line-args-left)) (pathoutput(pop command-line-args-left))(x (catch 22
       (let (reldir (dirs (mapcar (lambda(x)
              (and (string-match "\\`!*\\(.*[^/]\\)//+\\'" x)
	           (match-string 1 x)))
      (append (split-string pathoutput ";")
             (split-string pathoutput ":")))))
	  (dolist (name (list nil) "NONE")
	    (dolist (dir dirs)
	      (when (and dir
	      	         (setq dir (directory-file-name dir))
                         (file-name-absolute-p dir)
	      	         (file-directory-p dir)
	                 (not (string-match "\\`\\.\\."
                           (setq reldir (file-relative-name dir expanded))))
			 (not (file-name-absolute-p reldir))
                         (let ((name name) (dir dir))
		           (while (and dir name
		                       (string= (file-name-nondirectory dir)
		                                (file-name-nondirectory name))
                              (setq dir (file-name-directory dir)
				   name (file-name-directory name))
			      (if (and dir name)
			         (setq dir (directory-file-name dir)
			              name (directory-file-name name)))))
		            (null name))
		   (throw 22
                      (if (string= reldir ".") (directory-file-name prefix)
                        (concat (file-name-as-directory prefix)
                                reldir))))))))))) (write-region (if (stringp x) x (prin1-to-string x)) nil "./conftest-9044")) ${datadir} /usr/local/share .:/home/jdp/.cache/texlive/texmf-config/tex/latex//:/home/jdp/.cache/texlive/texmf-var/tex/latex//:/home/jdp/texmf/tex/latex//:!!/usr/share/texlive/texmf-config/tex/latex//:!!/usr/share/texlive/texmf-var/tex/latex//:!!/usr/share/texlive/texmf-local///tex/latex//:!!/usr/share/texlive/texmf-dist/tex/latex//:/home/jdp/.cache/texlive/texmf-config/tex/generic//:/home/jdp/.cache/texlive/texmf-var/tex/generic//:/home/jdp/texmf/tex/generic//:!!/usr/share/texlive/texmf-config/tex/generic//:!!/usr/share/texlive/texmf-var/tex/generic//:!!/usr/share/texlive/texmf-local///tex/generic//:!!/usr/share/texlive/texmf-dist/tex/generic//:/home/jdp/.cache/texlive/texmf-config/tex///:/home/jdp/.cache/texlive/texmf-var/tex///:/home/jdp/texmf/tex///:!!/usr/share/texlive/texmf-config/tex///:!!/usr/share/texlive/texmf-var/tex///:!!/usr/share/texlive/texmf-local///tex///:!!/usr/share/texlive/texmf-dist/tex///
=> NONE
/usr/bin/emacs -batch -no-site-file -eval (let* ((prefix(pop command-line-args-left)) (expanded(pop command-line-args-left)) (pathoutput(pop command-line-args-left))(x (catch 22
       (let (reldir (dirs (mapcar (lambda(x)
              (and (string-match "\\`!*\\(.*[^/]\\)//+\\'" x)
	           (match-string 1 x)))
      (append (split-string pathoutput ";")
             (split-string pathoutput ":")))))
	  (dolist (name (list nil) "NONE")
	    (dolist (dir dirs)
	      (when (and dir
	      	         (setq dir (directory-file-name dir))
                         (file-name-absolute-p dir)
	      	         (file-directory-p dir)
	                 (not (string-match "\\`\\.\\."
                           (setq reldir (file-relative-name dir expanded))))
			 (not (file-name-absolute-p reldir))
                         (let ((name name) (dir dir))
		           (while (and dir name
		                       (string= (file-name-nondirectory dir)
		                                (file-name-nondirectory name))
                              (setq dir (file-name-directory dir)
				   name (file-name-directory name))
			      (if (and dir name)
			         (setq dir (directory-file-name dir)
			              name (directory-file-name name)))))
		            (null name))
		   (throw 22
                      (if (string= reldir ".") (directory-file-name prefix)
                        (concat (file-name-as-directory prefix)
                                reldir))))))))))) (write-region (if (stringp x) x (prin1-to-string x)) nil "./conftest-9044")) /usr/share /usr/share .:/home/jdp/.cache/texlive/texmf-config/tex/latex//:/home/jdp/.cache/texlive/texmf-var/tex/latex//:/home/jdp/texmf/tex/latex//:!!/usr/share/texlive/texmf-config/tex/latex//:!!/usr/share/texlive/texmf-var/tex/latex//:!!/usr/share/texlive/texmf-local///tex/latex//:!!/usr/share/texlive/texmf-dist/tex/latex//:/home/jdp/.cache/texlive/texmf-config/tex/generic//:/home/jdp/.cache/texlive/texmf-var/tex/generic//:/home/jdp/texmf/tex/generic//:!!/usr/share/texlive/texmf-config/tex/generic//:!!/usr/share/texlive/texmf-var/tex/generic//:!!/usr/share/texlive/texmf-local///tex/generic//:!!/usr/share/texlive/texmf-dist/tex/generic//:/home/jdp/.cache/texlive/texmf-config/tex///:/home/jdp/.cache/texlive/texmf-var/tex///:/home/jdp/texmf/tex///:!!/usr/share/texlive/texmf-config/tex///:!!/usr/share/texlive/texmf-var/tex///:!!/usr/share/texlive/texmf-local///tex///:!!/usr/share/texlive/texmf-dist/tex///
=> /usr/share/texlive/texmf-local/tex/latex
configure:3618: result: /usr/share/texlive/texmf-local/tex/latex
configure:3721: checking for texhash
configure:3739: found /usr/bin/texhash
configure:3751: result: /usr/bin/texhash
configure:3761: checking for initexmf
configure:3788: result: /usr/bin/texhash
configure:3847: checking for glaring installation conflicts
/usr/bin/emacs -batch -eval (let* ((packagelispdir(pop command-line-args-left)) (previewstartfile(pop command-line-args-left))(x 
     (concat
       (and (setq tmp (locate-library "preview.elc"))
            (not (string= (file-truename tmp)
                       (file-truename (expand-file-name "preview.elc"
                                         packagelispdir))))
            (format "Conflicting previous installation in `%s' found!\n"
                    (file-name-directory tmp)))
       (and (setq tmp (locate-library "preview-latex.el"))
            (not (string= (file-truename tmp)
                          (file-truename previewstartfile)))
            (format "Conflicting previous startup file `%s' found!\n" tmp))))) (write-region (if (stringp x) x (prin1-to-string x)) nil "./conftest-9044")) /usr/share/emacs/site-lisp/auctex /usr/share/emacs/site-lisp/site-start.d/preview-latex.el
Loading /usr/share/emacs/site-lisp/site-start.d/anthy-init.el (source)...
Loading /usr/share/emacs/site-lisp/site-start.d/autoconf-init.el (source)...
Loading /usr/share/emacs/site-lisp/site-start.d/cmake-init.el (source)...
Loading /usr/share/emacs/site-lisp/site-start.d/desktop-entry-mode-init.el (source)...
Loading /usr/share/emacs/site-lisp/site-start.d/git-init.el (source)...
Loading /usr/share/emacs/site-lisp/site-start.d/slime-autoloads.el (source)...
Loading /usr/share/emacs/site-lisp/site-start.d/slime-tests.el (source)...
Real cl-lib shadowed by compatibility cl-lib? (/usr/share/emacs/site-lisp/slime/lib/cl-lib.elc)
cl-declare already defined, not rebinding
cl-dotimes already defined, not rebinding
cl-dolist already defined, not rebinding
cl-dolist already defined, not rebinding
cl-dotimes already defined, not rebinding
Loading /usr/share/emacs/site-lisp/site-start.d/slime.el (source)...
=> 
configure:3909: result: probably none
configure:3969: checking for perl
configure:3987: found /usr/bin/perl
configure:4000: result: /usr/bin/perl
configure:4014: checking for makeinfo
configure:4032: found /usr/bin/makeinfo
configure:4045: result: /usr/bin/makeinfo
configure:4055: checking for texi2html
configure:4086: result: :
configure:4096: checking for texi2dvi
configure:4127: result: :
configure:4137: checking for texi2pdf
configure:4168: result: :
configure:4183: checking for install-info
configure:4201: found /usr/sbin/install-info
configure:4214: result: /usr/sbin/install-info
configure:4457: creating ./config.status

## ---------------------- ##
## Running config.status. ##
## ---------------------- ##

This file was extended by auctex config.status 12.1, which was
generated by GNU Autoconf 2.69.  Invocation command line was

  CONFIG_FILES    = 
  CONFIG_HEADERS  = 
  CONFIG_LINKS    = 
  CONFIG_COMMANDS = 
  $ ./config.status 

on localhost.localdomain

config.status:768: creating Makefile
config.status:768: creating tex-site.el.out
config.status:768: creating doc/Makefile
config.status:768: creating auctex.el
config.status:768: creating preview.el
config.status:768: creating latex/Makefile

## ---------------- ##
## Cache variables. ##
## ---------------- ##

ac_cv_env_GS_set=
ac_cv_env_GS_value=
ac_cv_env_INSTALL_INFO_set=
ac_cv_env_INSTALL_INFO_value=
ac_cv_env_MAKEINFO_set=
ac_cv_env_MAKEINFO_value=
ac_cv_env_PERL_set=
ac_cv_env_PERL_value=
ac_cv_env_TEXHASH_set=
ac_cv_env_TEXHASH_value=
ac_cv_env_build_alias_set=
ac_cv_env_build_alias_value=
ac_cv_env_host_alias_set=
ac_cv_env_host_alias_value=
ac_cv_env_target_alias_set=
ac_cv_env_target_alias_value=
ac_cv_path_DVIPS=/usr/bin/dvips
ac_cv_path_EMACS=/usr/bin/emacs
ac_cv_path_INSTALL_INFO=/usr/sbin/install-info
ac_cv_path_LATEX=/usr/bin/latex
ac_cv_path_MAKEINFO=/usr/bin/makeinfo
ac_cv_path_PDFLATEX=/usr/bin/pdflatex
ac_cv_path_PDFTEX=/usr/bin/pdftex
ac_cv_path_PERL=/usr/bin/perl
ac_cv_path_TEX=/usr/bin/tex
ac_cv_path_TEXHASH=/usr/bin/texhash
ac_cv_path_TEXI2DVI=:
ac_cv_path_TEXI2HTML=:
ac_cv_path_TEXI2PDF=:
ac_cv_path_install='/usr/bin/install -c'
ac_cv_prog_GS=gs
ac_cv_prog_MAKECMD=make
ac_cv_prog_TEXHASH=/usr/bin/texhash
ac_cv_prog_make_make_set=yes

## ----------------- ##
## Output variables. ##
## ----------------- ##

AUCTEXDATE='2018-03-06'
AUCTEXVERSION='12.1'
DEFS='-DPACKAGE_NAME=\"auctex\" -DPACKAGE_TARNAME=\"auctex\" -DPACKAGE_VERSION=\"12.1\" -DPACKAGE_STRING=\"auctex\ 12.1\" -DPACKAGE_BUGREPORT=\"bug-auctex@gnu.org\" -DPACKAGE_URL=\"\"'
DVIPS='/usr/bin/dvips'
ECHO_C=''
ECHO_N='-n'
ECHO_T=''
EMACS='/usr/bin/emacs'
EMACS_FLAVOR='emacs'
GS='gs'
HAVE_mule='yes'
INSTALL_DATA='${INSTALL} -m 644'
INSTALL_INFO='/usr/sbin/install-info'
INSTALL_PROGRAM='${INSTALL}'
INSTALL_SCRIPT='${INSTALL}'
LATEX='/usr/bin/latex'
LIBOBJS=''
LIBS=''
LTLIBOBJS=''
MAKECMD='make'
MAKEINFO='/usr/bin/makeinfo'
MULEELC='tex-jp.elc'
MULESRC='tex-jp.el'
PACKAGE_BUGREPORT='bug-auctex@gnu.org'
PACKAGE_NAME='auctex'
PACKAGE_STRING='auctex 12.1'
PACKAGE_TARNAME='auctex'
PACKAGE_URL=''
PACKAGE_VERSION='12.1'
PATH_SEPARATOR=':'
PDFLATEX='/usr/bin/pdflatex'
PDFTEX='/usr/bin/pdftex'
PERL='/usr/bin/perl'
PLAT_LISP='prv-emacs.el'
PREVIEWDATE='2018-03-06'
PREVIEWVERSION='12.1'
SET_MAKE=''
SHELL='/bin/sh'
TEX='/usr/bin/tex'
TEXHASH='/usr/bin/texhash'
TEXI2DVI=':'
TEXI2HTML=':'
TEXI2PDF=':'
TEXMFGEN='preview.sty prauctex.def prauctex.cfg prshowbox.def prshowlabels.def prtracingall.def prtightpage.def prlyx.def prcounters.def prfootnotes.def'
XEMACS='no'
auctexstartfile='/usr/share/emacs/site-lisp/site-start.d/auctex.el'
autodir='${localstatedir}/auctex'
bindir='${exec_prefix}/bin'
build_alias=''
datadir='${datarootdir}'
datarootdir='${prefix}/share'
docdir='${datarootdir}/doc/${PACKAGE_TARNAME}'
dvidir='${docdir}'
exec_prefix='${prefix}'
host_alias=''
htmldir='${docdir}'
includedir='${prefix}/include'
infodir='${datarootdir}/info'
libdir='${exec_prefix}/lib'
libexecdir='${exec_prefix}/libexec'
lispGS=''
lispautodir='"/usr/local/var/auctex"'
lispdir='/usr/share/emacs/site-lisp'
lisppackagedatadir='(expand-file-name "auctex" (file-name-directory load-file-name))'
lisppackagelispdir='(expand-file-name "auctex" (file-name-directory load-file-name))'
lisppackagetexstyles=''
lisptexsite='(expand-file-name "../tex-site.el" (file-name-directory load-file-name))'
localedir='${datarootdir}/locale'
localstatedir='${prefix}/var'
mandir='${datarootdir}/man'
oldincludedir='/usr/include'
packagedatadir='/usr/share/emacs/site-lisp/auctex'
packagedir='no'
packagelispdir='/usr/share/emacs/site-lisp/auctex'
packagetexstyles=''
pdfdir='${docdir}'
prefix='/usr/local'
preview_enabled='yes'
previewdocdir='/usr/share/texlive/texmf-local/tex/latex/preview'
previewstartfile='/usr/share/emacs/site-lisp/site-start.d/preview-latex.el'
previewtexmfdir='/usr/share/texlive/texmf-local/tex/latex/preview'
program_transform_name='s,x,x,'
psdir='${docdir}'
runstatedir='${localstatedir}/run'
sbindir='${exec_prefix}/sbin'
sharedstatedir='${prefix}/com'
sysconfdir='${prefix}/etc'
target_alias=''
texmfdir='/usr/share/texlive/texmf-local/tex/latex'
texsite=''

## ----------- ##
## confdefs.h. ##
## ----------- ##

/* confdefs.h */
#define PACKAGE_NAME "auctex"
#define PACKAGE_TARNAME "auctex"
#define PACKAGE_VERSION "12.1"
#define PACKAGE_STRING "auctex 12.1"
#define PACKAGE_BUGREPORT "bug-auctex@gnu.org"
#define PACKAGE_URL ""

configure: exit 0
